CRITICAL - 2023-07-25 11:49:59 --> Undefined property: CodeIgniter\View\View::$request
in APPPATH\Views\template\usermenu.php on line 36.
 1 APPPATH\Views\template\usermenu.php(36): CodeIgniter\Debug\Exceptions->errorHandler(2, 'Undefined property: CodeIgniter\\View\\View::$request', 'D:\\laragon\\www\\breastcanceris\\app\\Views\\template\\usermenu.php', 36)
 2 SYSTEMPATH\View\View.php(224): include('D:\\laragon\\www\\breastcanceris\\app\\Views\\template\\usermenu.php')
 3 SYSTEMPATH\View\View.php(227): CodeIgniter\View\View->CodeIgniter\View\{closure}()
 4 SYSTEMPATH\Common.php(1180): CodeIgniter\View\View->render('template/usermenu', [], true)
 5 APPPATH\Views\template\layout.php(69): view('template/usermenu')
 6 SYSTEMPATH\View\View.php(224): include('D:\\laragon\\www\\breastcanceris\\app\\Views\\template\\layout.php')
 7 SYSTEMPATH\View\View.php(227): CodeIgniter\View\View->CodeIgniter\View\{closure}()
 8 SYSTEMPATH\View\View.php(240): CodeIgniter\View\View->render('template/layout', [], true)
 9 SYSTEMPATH\Common.php(1180): CodeIgniter\View\View->render('dashboard', [], true)
10 APPPATH\Controllers\Home.php(11): view('dashboard')
11 SYSTEMPATH\CodeIgniter.php(932): App\Controllers\Home->index()
12 SYSTEMPATH\CodeIgniter.php(497): CodeIgniter\CodeIgniter->runController(Object(App\Controllers\Home))
13 SYSTEMPATH\CodeIgniter.php(366): CodeIgniter\CodeIgniter->handleRequest(null, Object(Config\Cache), false)
14 FCPATH\index.php(67): CodeIgniter\CodeIgniter->run()
CRITICAL - 2023-07-25 11:54:42 --> Undefined property: CodeIgniter\View\View::$request
in APPPATH\Views\template\usermenu.php on line 39.
 1 APPPATH\Views\template\usermenu.php(39): CodeIgniter\Debug\Exceptions->errorHandler(2, 'Undefined property: CodeIgniter\\View\\View::$request', 'D:\\laragon\\www\\breastcanceris\\app\\Views\\template\\usermenu.php', 39)
 2 SYSTEMPATH\View\View.php(224): include('D:\\laragon\\www\\breastcanceris\\app\\Views\\template\\usermenu.php')
 3 SYSTEMPATH\View\View.php(227): CodeIgniter\View\View->CodeIgniter\View\{closure}()
 4 SYSTEMPATH\Common.php(1180): CodeIgniter\View\View->render('template/usermenu', [], true)
 5 APPPATH\Views\template\layout.php(69): view('template/usermenu')
 6 SYSTEMPATH\View\View.php(224): include('D:\\laragon\\www\\breastcanceris\\app\\Views\\template\\layout.php')
 7 SYSTEMPATH\View\View.php(227): CodeIgniter\View\View->CodeIgniter\View\{closure}()
 8 SYSTEMPATH\View\View.php(240): CodeIgniter\View\View->render('template/layout', [], true)
 9 SYSTEMPATH\Common.php(1180): CodeIgniter\View\View->render('dashboard', [], true)
10 APPPATH\Controllers\Home.php(11): view('dashboard')
11 SYSTEMPATH\CodeIgniter.php(932): App\Controllers\Home->index()
12 SYSTEMPATH\CodeIgniter.php(497): CodeIgniter\CodeIgniter->runController(Object(App\Controllers\Home))
13 SYSTEMPATH\CodeIgniter.php(366): CodeIgniter\CodeIgniter->handleRequest(null, Object(Config\Cache), false)
14 FCPATH\index.php(67): CodeIgniter\CodeIgniter->run()
CRITICAL - 2023-07-25 11:56:23 --> Uninitialized string offset 0
in APPPATH\Helpers\pian_helper.php on line 80.
 1 APPPATH\Helpers\pian_helper.php(80): CodeIgniter\Debug\Exceptions->errorHandler(2, 'Uninitialized string offset 0', 'D:\\laragon\\www\\breastcanceris\\app\\Helpers\\pian_helper.php', 80)
 2 APPPATH\Views\template\usermenu.php(42): getDataCount('ek_menuaccess', [...])
 3 SYSTEMPATH\View\View.php(224): include('D:\\laragon\\www\\breastcanceris\\app\\Views\\template\\usermenu.php')
 4 SYSTEMPATH\View\View.php(227): CodeIgniter\View\View->CodeIgniter\View\{closure}()
 5 SYSTEMPATH\Common.php(1180): CodeIgniter\View\View->render('template/usermenu', [], true)
 6 APPPATH\Views\template\layout.php(69): view('template/usermenu')
 7 SYSTEMPATH\View\View.php(224): include('D:\\laragon\\www\\breastcanceris\\app\\Views\\template\\layout.php')
 8 SYSTEMPATH\View\View.php(227): CodeIgniter\View\View->CodeIgniter\View\{closure}()
 9 SYSTEMPATH\View\View.php(240): CodeIgniter\View\View->render('template/layout', [], true)
10 SYSTEMPATH\Common.php(1180): CodeIgniter\View\View->render('dashboard', [], true)
11 APPPATH\Controllers\Home.php(11): view('dashboard')
12 SYSTEMPATH\CodeIgniter.php(932): App\Controllers\Home->index()
13 SYSTEMPATH\CodeIgniter.php(497): CodeIgniter\CodeIgniter->runController(Object(App\Controllers\Home))
14 SYSTEMPATH\CodeIgniter.php(366): CodeIgniter\CodeIgniter->handleRequest(null, Object(Config\Cache), false)
15 FCPATH\index.php(67): CodeIgniter\CodeIgniter->run()
CRITICAL - 2023-07-25 11:58:33 --> Object of class CodeIgniter\Database\MySQLi\Result could not be converted to int
in APPPATH\Views\template\usermenu.php on line 43.
 1 APPPATH\Views\template\usermenu.php(43): CodeIgniter\Debug\Exceptions->errorHandler(8, 'Object of class CodeIgniter\\Database\\MySQLi\\Result could not be converted to int', 'D:\\laragon\\www\\breastcanceris\\app\\Views\\template\\usermenu.php', 43)
 2 SYSTEMPATH\View\View.php(224): include('D:\\laragon\\www\\breastcanceris\\app\\Views\\template\\usermenu.php')
 3 SYSTEMPATH\View\View.php(227): CodeIgniter\View\View->CodeIgniter\View\{closure}()
 4 SYSTEMPATH\Common.php(1180): CodeIgniter\View\View->render('template/usermenu', [], true)
 5 APPPATH\Views\template\layout.php(69): view('template/usermenu')
 6 SYSTEMPATH\View\View.php(224): include('D:\\laragon\\www\\breastcanceris\\app\\Views\\template\\layout.php')
 7 SYSTEMPATH\View\View.php(227): CodeIgniter\View\View->CodeIgniter\View\{closure}()
 8 SYSTEMPATH\View\View.php(240): CodeIgniter\View\View->render('template/layout', [], true)
 9 SYSTEMPATH\Common.php(1180): CodeIgniter\View\View->render('dashboard', [], true)
10 APPPATH\Controllers\Home.php(11): view('dashboard')
11 SYSTEMPATH\CodeIgniter.php(932): App\Controllers\Home->index()
12 SYSTEMPATH\CodeIgniter.php(497): CodeIgniter\CodeIgniter->runController(Object(App\Controllers\Home))
13 SYSTEMPATH\CodeIgniter.php(366): CodeIgniter\CodeIgniter->handleRequest(null, Object(Config\Cache), false)
14 FCPATH\index.php(67): CodeIgniter\CodeIgniter->run()
CRITICAL - 2023-07-25 11:59:59 --> Undefined property: CodeIgniter\View\View::$db
in APPPATH\Views\template\usermenu.php on line 43.
 1 APPPATH\Views\template\usermenu.php(43): CodeIgniter\Debug\Exceptions->errorHandler(2, 'Undefined property: CodeIgniter\\View\\View::$db', 'D:\\laragon\\www\\breastcanceris\\app\\Views\\template\\usermenu.php', 43)
 2 SYSTEMPATH\View\View.php(224): include('D:\\laragon\\www\\breastcanceris\\app\\Views\\template\\usermenu.php')
 3 SYSTEMPATH\View\View.php(227): CodeIgniter\View\View->CodeIgniter\View\{closure}()
 4 SYSTEMPATH\Common.php(1180): CodeIgniter\View\View->render('template/usermenu', [], true)
 5 APPPATH\Views\template\layout.php(69): view('template/usermenu')
 6 SYSTEMPATH\View\View.php(224): include('D:\\laragon\\www\\breastcanceris\\app\\Views\\template\\layout.php')
 7 SYSTEMPATH\View\View.php(227): CodeIgniter\View\View->CodeIgniter\View\{closure}()
 8 SYSTEMPATH\View\View.php(240): CodeIgniter\View\View->render('template/layout', [], true)
 9 SYSTEMPATH\Common.php(1180): CodeIgniter\View\View->render('dashboard', [], true)
10 APPPATH\Controllers\Home.php(11): view('dashboard')
11 SYSTEMPATH\CodeIgniter.php(932): App\Controllers\Home->index()
12 SYSTEMPATH\CodeIgniter.php(497): CodeIgniter\CodeIgniter->runController(Object(App\Controllers\Home))
13 SYSTEMPATH\CodeIgniter.php(366): CodeIgniter\CodeIgniter->handleRequest(null, Object(Config\Cache), false)
14 FCPATH\index.php(67): CodeIgniter\CodeIgniter->run()
CRITICAL - 2023-07-25 12:00:30 --> Object of class CodeIgniter\Database\MySQLi\Result could not be converted to string
in APPPATH\Views\template\usermenu.php on line 42.
 1 SYSTEMPATH\View\View.php(224): include()
 2 SYSTEMPATH\View\View.php(227): CodeIgniter\View\View->CodeIgniter\View\{closure}()
 3 SYSTEMPATH\Common.php(1180): CodeIgniter\View\View->render('template/usermenu', [], true)
 4 APPPATH\Views\template\layout.php(69): view('template/usermenu')
 5 SYSTEMPATH\View\View.php(224): include('D:\\laragon\\www\\breastcanceris\\app\\Views\\template\\layout.php')
 6 SYSTEMPATH\View\View.php(227): CodeIgniter\View\View->CodeIgniter\View\{closure}()
 7 SYSTEMPATH\View\View.php(240): CodeIgniter\View\View->render('template/layout', [], true)
 8 SYSTEMPATH\Common.php(1180): CodeIgniter\View\View->render('dashboard', [], true)
 9 APPPATH\Controllers\Home.php(11): view('dashboard')
10 SYSTEMPATH\CodeIgniter.php(932): App\Controllers\Home->index()
11 SYSTEMPATH\CodeIgniter.php(497): CodeIgniter\CodeIgniter->runController(Object(App\Controllers\Home))
12 SYSTEMPATH\CodeIgniter.php(366): CodeIgniter\CodeIgniter->handleRequest(null, Object(Config\Cache), false)
13 FCPATH\index.php(67): CodeIgniter\CodeIgniter->run()
CRITICAL - 2023-07-25 12:00:59 --> Undefined variable $result
in APPPATH\Helpers\pian_helper.php on line 86.
 1 APPPATH\Helpers\pian_helper.php(86): CodeIgniter\Debug\Exceptions->errorHandler(2, 'Undefined variable $result', 'D:\\laragon\\www\\breastcanceris\\app\\Helpers\\pian_helper.php', 86)
 2 APPPATH\Views\template\usermenu.php(42): getDataCount('ek_menuaccess', [...])
 3 SYSTEMPATH\View\View.php(224): include('D:\\laragon\\www\\breastcanceris\\app\\Views\\template\\usermenu.php')
 4 SYSTEMPATH\View\View.php(227): CodeIgniter\View\View->CodeIgniter\View\{closure}()
 5 SYSTEMPATH\Common.php(1180): CodeIgniter\View\View->render('template/usermenu', [], true)
 6 APPPATH\Views\template\layout.php(69): view('template/usermenu')
 7 SYSTEMPATH\View\View.php(224): include('D:\\laragon\\www\\breastcanceris\\app\\Views\\template\\layout.php')
 8 SYSTEMPATH\View\View.php(227): CodeIgniter\View\View->CodeIgniter\View\{closure}()
 9 SYSTEMPATH\View\View.php(240): CodeIgniter\View\View->render('template/layout', [], true)
10 SYSTEMPATH\Common.php(1180): CodeIgniter\View\View->render('dashboard', [], true)
11 APPPATH\Controllers\Home.php(11): view('dashboard')
12 SYSTEMPATH\CodeIgniter.php(932): App\Controllers\Home->index()
13 SYSTEMPATH\CodeIgniter.php(497): CodeIgniter\CodeIgniter->runController(Object(App\Controllers\Home))
14 SYSTEMPATH\CodeIgniter.php(366): CodeIgniter\CodeIgniter->handleRequest(null, Object(Config\Cache), false)
15 FCPATH\index.php(67): CodeIgniter\CodeIgniter->run()
CRITICAL - 2023-07-25 12:19:07 --> Undefined variable $db
in APPPATH\Views\dashboard.php on line 11.
 1 APPPATH\Views\dashboard.php(11): CodeIgniter\Debug\Exceptions->errorHandler(2, 'Undefined variable $db', 'D:\\laragon\\www\\breastcanceris\\app\\Views\\dashboard.php', 11)
 2 SYSTEMPATH\View\View.php(224): include('D:\\laragon\\www\\breastcanceris\\app\\Views\\dashboard.php')
 3 SYSTEMPATH\View\View.php(227): CodeIgniter\View\View->CodeIgniter\View\{closure}()
 4 SYSTEMPATH\Common.php(1180): CodeIgniter\View\View->render('dashboard', [], true)
 5 APPPATH\Controllers\Home.php(11): view('dashboard')
 6 SYSTEMPATH\CodeIgniter.php(932): App\Controllers\Home->index()
 7 SYSTEMPATH\CodeIgniter.php(497): CodeIgniter\CodeIgniter->runController(Object(App\Controllers\Home))
 8 SYSTEMPATH\CodeIgniter.php(366): CodeIgniter\CodeIgniter->handleRequest(null, Object(Config\Cache), false)
 9 FCPATH\index.php(67): CodeIgniter\CodeIgniter->run()
CRITICAL - 2023-07-25 12:22:12 --> Trying to access array offset on value of type int
in APPPATH\Helpers\pian_helper.php on line 65.
 1 APPPATH\Helpers\pian_helper.php(65): CodeIgniter\Debug\Exceptions->errorHandler(2, 'Trying to access array offset on value of type int', 'D:\\laragon\\www\\breastcanceris\\app\\Helpers\\pian_helper.php', 65)
 2 APPPATH\Views\dashboard.php(10): getDataCount('pro_penduduk', [...])
 3 SYSTEMPATH\View\View.php(224): include('D:\\laragon\\www\\breastcanceris\\app\\Views\\dashboard.php')
 4 SYSTEMPATH\View\View.php(227): CodeIgniter\View\View->CodeIgniter\View\{closure}()
 5 SYSTEMPATH\Common.php(1180): CodeIgniter\View\View->render('dashboard', [], true)
 6 APPPATH\Controllers\Home.php(11): view('dashboard')
 7 SYSTEMPATH\CodeIgniter.php(932): App\Controllers\Home->index()
 8 SYSTEMPATH\CodeIgniter.php(497): CodeIgniter\CodeIgniter->runController(Object(App\Controllers\Home))
 9 SYSTEMPATH\CodeIgniter.php(366): CodeIgniter\CodeIgniter->handleRequest(null, Object(Config\Cache), false)
10 FCPATH\index.php(67): CodeIgniter\CodeIgniter->run()
CRITICAL - 2023-07-25 12:24:40 --> Undefined array key 0
in APPPATH\Helpers\pian_helper.php on line 66.
 1 APPPATH\Helpers\pian_helper.php(66): CodeIgniter\Debug\Exceptions->errorHandler(2, 'Undefined array key 0', 'D:\\laragon\\www\\breastcanceris\\app\\Helpers\\pian_helper.php', 66)
 2 APPPATH\Views\dashboard.php(10): getDataCount('pro_penduduk', [...])
 3 SYSTEMPATH\View\View.php(224): include('D:\\laragon\\www\\breastcanceris\\app\\Views\\dashboard.php')
 4 SYSTEMPATH\View\View.php(227): CodeIgniter\View\View->CodeIgniter\View\{closure}()
 5 SYSTEMPATH\Common.php(1180): CodeIgniter\View\View->render('dashboard', [], true)
 6 APPPATH\Controllers\Home.php(11): view('dashboard')
 7 SYSTEMPATH\CodeIgniter.php(932): App\Controllers\Home->index()
 8 SYSTEMPATH\CodeIgniter.php(497): CodeIgniter\CodeIgniter->runController(Object(App\Controllers\Home))
 9 SYSTEMPATH\CodeIgniter.php(366): CodeIgniter\CodeIgniter->handleRequest(null, Object(Config\Cache), false)
10 FCPATH\index.php(67): CodeIgniter\CodeIgniter->run()
ERROR - 2023-07-25 12:24:55 --> mysqli_sql_exception: You have an error in your SQL syntax; check the manual that corresponds to your MySQL server version for the right syntax to use near '= ''' at line 4 in D:\laragon\www\breastcanceris\system\Database\MySQLi\Connection.php:295
Stack trace:
#0 D:\laragon\www\breastcanceris\system\Database\MySQLi\Connection.php(295): mysqli->query('SELECT COUNT(*)...', 0)
#1 D:\laragon\www\breastcanceris\system\Database\BaseConnection.php(692): CodeIgniter\Database\MySQLi\Connection->execute('SELECT COUNT(*)...')
#2 D:\laragon\www\breastcanceris\system\Database\BaseConnection.php(606): CodeIgniter\Database\BaseConnection->simpleQuery('SELECT COUNT(*)...')
#3 D:\laragon\www\breastcanceris\system\Database\BaseBuilder.php(1700): CodeIgniter\Database\BaseConnection->query('SELECT COUNT(*)...', Array, false)
#4 D:\laragon\www\breastcanceris\app\Helpers\pian_helper.php(85): CodeIgniter\Database\BaseBuilder->countAllResults()
#5 D:\laragon\www\breastcanceris\app\Views\dashboard.php(10): getDataCount('pro_penduduk', Array)
#6 D:\laragon\www\breastcanceris\system\View\View.php(224): include('D:\\laragon\\www\\...')
#7 D:\laragon\www\breastcanceris\system\View\View.php(227): CodeIgniter\View\View->CodeIgniter\View\{closure}()
#8 D:\laragon\www\breastcanceris\system\Common.php(1180): CodeIgniter\View\View->render('dashboard', Array, true)
#9 D:\laragon\www\breastcanceris\app\Controllers\Home.php(11): view('dashboard')
#10 D:\laragon\www\breastcanceris\system\CodeIgniter.php(932): App\Controllers\Home->index()
#11 D:\laragon\www\breastcanceris\system\CodeIgniter.php(497): CodeIgniter\CodeIgniter->runController(Object(App\Controllers\Home))
#12 D:\laragon\www\breastcanceris\system\CodeIgniter.php(366): CodeIgniter\CodeIgniter->handleRequest(NULL, Object(Config\Cache), false)
#13 D:\laragon\www\breastcanceris\public\index.php(67): CodeIgniter\CodeIgniter->run()
#14 {main}
CRITICAL - 2023-07-25 12:24:55 --> You have an error in your SQL syntax; check the manual that corresponds to your MySQL server version for the right syntax to use near '= ''' at line 4
in SYSTEMPATH\Database\MySQLi\Connection.php on line 295.
 1 SYSTEMPATH\Database\MySQLi\Connection.php(295): mysqli->query('SELECT COUNT(*) AS `numrows`
FROM `pro_penduduk`
WHERE `u_delete` = 1
AND   = \'\'', 0)
 2 SYSTEMPATH\Database\BaseConnection.php(692): CodeIgniter\Database\MySQLi\Connection->execute('SELECT COUNT(*) AS `numrows`
FROM `pro_penduduk`
WHERE `u_delete` = 1
AND   = \'\'')
 3 SYSTEMPATH\Database\BaseConnection.php(606): CodeIgniter\Database\BaseConnection->simpleQuery('SELECT COUNT(*) AS `numrows`
FROM `pro_penduduk`
WHERE `u_delete` = 1
AND   = \'\'')
 4 SYSTEMPATH\Database\BaseBuilder.php(1700): CodeIgniter\Database\BaseConnection->query('SELECT COUNT(*) AS `numrows`
FROM `pro_penduduk`
WHERE `u_delete` = :u_delete:
AND   = ::', [...], false)
 5 APPPATH\Helpers\pian_helper.php(85): CodeIgniter\Database\BaseBuilder->countAllResults()
 6 APPPATH\Views\dashboard.php(10): getDataCount('pro_penduduk', [...])
 7 SYSTEMPATH\View\View.php(224): include('D:\\laragon\\www\\breastcanceris\\app\\Views\\dashboard.php')
 8 SYSTEMPATH\View\View.php(227): CodeIgniter\View\View->CodeIgniter\View\{closure}()
 9 SYSTEMPATH\Common.php(1180): CodeIgniter\View\View->render('dashboard', [], true)
10 APPPATH\Controllers\Home.php(11): view('dashboard')
11 SYSTEMPATH\CodeIgniter.php(932): App\Controllers\Home->index()
12 SYSTEMPATH\CodeIgniter.php(497): CodeIgniter\CodeIgniter->runController(Object(App\Controllers\Home))
13 SYSTEMPATH\CodeIgniter.php(366): CodeIgniter\CodeIgniter->handleRequest(null, Object(Config\Cache), false)
14 FCPATH\index.php(67): CodeIgniter\CodeIgniter->run()
CRITICAL - 2023-07-25 21:43:37 --> Undefined property: CodeIgniter\View\View::$session
in APPPATH\Views\login\login_page.php on line 27.
 1 APPPATH\Views\login\login_page.php(27): CodeIgniter\Debug\Exceptions->errorHandler(2, 'Undefined property: CodeIgniter\\View\\View::$session', 'D:\\laragon\\www\\breastcanceris\\app\\Views\\login\\login_page.php', 27)
 2 SYSTEMPATH\View\View.php(224): include('D:\\laragon\\www\\breastcanceris\\app\\Views\\login\\login_page.php')
 3 SYSTEMPATH\View\View.php(227): CodeIgniter\View\View->CodeIgniter\View\{closure}()
 4 SYSTEMPATH\Common.php(1180): CodeIgniter\View\View->render('login/login_page', [], true)
 5 APPPATH\Controllers\Login.php(9): view('login/login_page')
 6 SYSTEMPATH\CodeIgniter.php(932): App\Controllers\Login->index()
 7 SYSTEMPATH\CodeIgniter.php(497): CodeIgniter\CodeIgniter->runController(Object(App\Controllers\Login))
 8 SYSTEMPATH\CodeIgniter.php(366): CodeIgniter\CodeIgniter->handleRequest(null, Object(Config\Cache), false)
 9 FCPATH\index.php(67): CodeIgniter\CodeIgniter->run()
CRITICAL - 2023-07-25 21:44:23 --> Undefined property: CodeIgniter\View\View::$session
in APPPATH\Views\login\login_page.php on line 27.
 1 APPPATH\Views\login\login_page.php(27): CodeIgniter\Debug\Exceptions->errorHandler(2, 'Undefined property: CodeIgniter\\View\\View::$session', 'D:\\laragon\\www\\breastcanceris\\app\\Views\\login\\login_page.php', 27)
 2 SYSTEMPATH\View\View.php(224): include('D:\\laragon\\www\\breastcanceris\\app\\Views\\login\\login_page.php')
 3 SYSTEMPATH\View\View.php(227): CodeIgniter\View\View->CodeIgniter\View\{closure}()
 4 SYSTEMPATH\Common.php(1180): CodeIgniter\View\View->render('login/login_page', [], true)
 5 APPPATH\Controllers\Login.php(9): view('login/login_page')
 6 SYSTEMPATH\CodeIgniter.php(932): App\Controllers\Login->index()
 7 SYSTEMPATH\CodeIgniter.php(497): CodeIgniter\CodeIgniter->runController(Object(App\Controllers\Login))
 8 SYSTEMPATH\CodeIgniter.php(366): CodeIgniter\CodeIgniter->handleRequest(null, Object(Config\Cache), false)
 9 FCPATH\index.php(67): CodeIgniter\CodeIgniter->run()
INFO - 2023-07-25 21:52:35 --> Session: Class initialized using 'CodeIgniter\Session\Handlers\FileHandler' driver.
CRITICAL - 2023-07-25 21:52:35 --> Undefined property: CodeIgniter\View\View::$session
in APPPATH\Views\login\login_page.php on line 27.
 1 APPPATH\Views\login\login_page.php(27): CodeIgniter\Debug\Exceptions->errorHandler(2, 'Undefined property: CodeIgniter\\View\\View::$session', 'D:\\laragon\\www\\breastcanceris\\app\\Views\\login\\login_page.php', 27)
 2 SYSTEMPATH\View\View.php(224): include('D:\\laragon\\www\\breastcanceris\\app\\Views\\login\\login_page.php')
 3 SYSTEMPATH\View\View.php(227): CodeIgniter\View\View->CodeIgniter\View\{closure}()
 4 SYSTEMPATH\Common.php(1180): CodeIgniter\View\View->render('login/login_page', [], true)
 5 APPPATH\Controllers\Login.php(11): view('login/login_page')
 6 SYSTEMPATH\CodeIgniter.php(932): App\Controllers\Login->index()
 7 SYSTEMPATH\CodeIgniter.php(497): CodeIgniter\CodeIgniter->runController(Object(App\Controllers\Login))
 8 SYSTEMPATH\CodeIgniter.php(366): CodeIgniter\CodeIgniter->handleRequest(null, Object(Config\Cache), false)
 9 FCPATH\index.php(67): CodeIgniter\CodeIgniter->run()
INFO - 2023-07-25 21:53:08 --> Session: Class initialized using 'CodeIgniter\Session\Handlers\FileHandler' driver.
CRITICAL - 2023-07-25 21:53:08 --> Call to undefined method CodeIgniter\Session\Session::flashdata()
in APPPATH\Views\login\login_page.php on line 29.
 1 SYSTEMPATH\View\View.php(224): include()
 2 SYSTEMPATH\View\View.php(227): CodeIgniter\View\View->CodeIgniter\View\{closure}()
 3 SYSTEMPATH\Common.php(1180): CodeIgniter\View\View->render('login/login_page', [], true)
 4 APPPATH\Controllers\Login.php(9): view('login/login_page')
 5 SYSTEMPATH\CodeIgniter.php(932): App\Controllers\Login->index()
 6 SYSTEMPATH\CodeIgniter.php(497): CodeIgniter\CodeIgniter->runController(Object(App\Controllers\Login))
 7 SYSTEMPATH\CodeIgniter.php(366): CodeIgniter\CodeIgniter->handleRequest(null, Object(Config\Cache), false)
 8 FCPATH\index.php(67): CodeIgniter\CodeIgniter->run()
CRITICAL - 2023-07-25 21:54:35 --> Undefined property: CodeIgniter\View\View::$session
in APPPATH\Views\login\login_page.php on line 27.
 1 APPPATH\Views\login\login_page.php(27): CodeIgniter\Debug\Exceptions->errorHandler(2, 'Undefined property: CodeIgniter\\View\\View::$session', 'D:\\laragon\\www\\breastcanceris\\app\\Views\\login\\login_page.php', 27)
 2 SYSTEMPATH\View\View.php(224): include('D:\\laragon\\www\\breastcanceris\\app\\Views\\login\\login_page.php')
 3 SYSTEMPATH\View\View.php(227): CodeIgniter\View\View->CodeIgniter\View\{closure}()
 4 SYSTEMPATH\Common.php(1180): CodeIgniter\View\View->render('login/login_page', [], true)
 5 APPPATH\Controllers\Login.php(9): view('login/login_page')
 6 SYSTEMPATH\CodeIgniter.php(932): App\Controllers\Login->index()
 7 SYSTEMPATH\CodeIgniter.php(497): CodeIgniter\CodeIgniter->runController(Object(App\Controllers\Login))
 8 SYSTEMPATH\CodeIgniter.php(366): CodeIgniter\CodeIgniter->handleRequest(null, Object(Config\Cache), false)
 9 FCPATH\index.php(67): CodeIgniter\CodeIgniter->run()
CRITICAL - 2023-07-25 21:56:12 --> Undefined variable $session
in APPPATH\Views\login\login_page.php on line 27.
 1 APPPATH\Views\login\login_page.php(27): CodeIgniter\Debug\Exceptions->errorHandler(2, 'Undefined variable $session', 'D:\\laragon\\www\\breastcanceris\\app\\Views\\login\\login_page.php', 27)
 2 SYSTEMPATH\View\View.php(224): include('D:\\laragon\\www\\breastcanceris\\app\\Views\\login\\login_page.php')
 3 SYSTEMPATH\View\View.php(227): CodeIgniter\View\View->CodeIgniter\View\{closure}()
 4 SYSTEMPATH\Common.php(1180): CodeIgniter\View\View->render('login/login_page', [], true)
 5 APPPATH\Controllers\Login.php(9): view('login/login_page')
 6 SYSTEMPATH\CodeIgniter.php(932): App\Controllers\Login->index()
 7 SYSTEMPATH\CodeIgniter.php(497): CodeIgniter\CodeIgniter->runController(Object(App\Controllers\Login))
 8 SYSTEMPATH\CodeIgniter.php(366): CodeIgniter\CodeIgniter->handleRequest(null, Object(Config\Cache), false)
 9 FCPATH\index.php(67): CodeIgniter\CodeIgniter->run()
CRITICAL - 2023-07-25 21:58:14 --> Undefined variable $session
in APPPATH\Views\login\login_page.php on line 27.
 1 APPPATH\Views\login\login_page.php(27): CodeIgniter\Debug\Exceptions->errorHandler(2, 'Undefined variable $session', 'D:\\laragon\\www\\breastcanceris\\app\\Views\\login\\login_page.php', 27)
 2 SYSTEMPATH\View\View.php(224): include('D:\\laragon\\www\\breastcanceris\\app\\Views\\login\\login_page.php')
 3 SYSTEMPATH\View\View.php(227): CodeIgniter\View\View->CodeIgniter\View\{closure}()
 4 SYSTEMPATH\Common.php(1180): CodeIgniter\View\View->render('login/login_page', [], true)
 5 APPPATH\Controllers\Login.php(9): view('login/login_page')
 6 SYSTEMPATH\CodeIgniter.php(932): App\Controllers\Login->index()
 7 SYSTEMPATH\CodeIgniter.php(497): CodeIgniter\CodeIgniter->runController(Object(App\Controllers\Login))
 8 SYSTEMPATH\CodeIgniter.php(366): CodeIgniter\CodeIgniter->handleRequest(null, Object(Config\Cache), false)
 9 FCPATH\index.php(67): CodeIgniter\CodeIgniter->run()
INFO - 2023-07-25 22:01:08 --> Session: Class initialized using 'CodeIgniter\Session\Handlers\FileHandler' driver.
INFO - 2023-07-25 22:02:31 --> Session: Class initialized using 'CodeIgniter\Session\Handlers\FileHandler' driver.
CRITICAL - 2023-07-25 22:02:31 --> Undefined variable $session
in APPPATH\Views\login\login_page.php on line 28.
 1 APPPATH\Views\login\login_page.php(28): CodeIgniter\Debug\Exceptions->errorHandler(2, 'Undefined variable $session', 'D:\\laragon\\www\\breastcanceris\\app\\Views\\login\\login_page.php', 28)
 2 SYSTEMPATH\View\View.php(224): include('D:\\laragon\\www\\breastcanceris\\app\\Views\\login\\login_page.php')
 3 SYSTEMPATH\View\View.php(227): CodeIgniter\View\View->CodeIgniter\View\{closure}()
 4 SYSTEMPATH\Common.php(1180): CodeIgniter\View\View->render('login/login_page', [], true)
 5 APPPATH\Controllers\Login.php(9): view('login/login_page')
 6 SYSTEMPATH\CodeIgniter.php(932): App\Controllers\Login->index()
 7 SYSTEMPATH\CodeIgniter.php(497): CodeIgniter\CodeIgniter->runController(Object(App\Controllers\Login))
 8 SYSTEMPATH\CodeIgniter.php(366): CodeIgniter\CodeIgniter->handleRequest(null, Object(Config\Cache), false)
 9 FCPATH\index.php(67): CodeIgniter\CodeIgniter->run()
INFO - 2023-07-25 22:03:05 --> Session: Class initialized using 'CodeIgniter\Session\Handlers\FileHandler' driver.
CRITICAL - 2023-07-25 22:03:05 --> Undefined variable $session
in APPPATH\Views\login\login_page.php on line 28.
 1 APPPATH\Views\login\login_page.php(28): CodeIgniter\Debug\Exceptions->errorHandler(2, 'Undefined variable $session', 'D:\\laragon\\www\\breastcanceris\\app\\Views\\login\\login_page.php', 28)
 2 SYSTEMPATH\View\View.php(224): include('D:\\laragon\\www\\breastcanceris\\app\\Views\\login\\login_page.php')
 3 SYSTEMPATH\View\View.php(227): CodeIgniter\View\View->CodeIgniter\View\{closure}()
 4 SYSTEMPATH\Common.php(1180): CodeIgniter\View\View->render('login/login_page', [], true)
 5 APPPATH\Controllers\Login.php(9): view('login/login_page')
 6 SYSTEMPATH\CodeIgniter.php(932): App\Controllers\Login->index()
 7 SYSTEMPATH\CodeIgniter.php(497): CodeIgniter\CodeIgniter->runController(Object(App\Controllers\Login))
 8 SYSTEMPATH\CodeIgniter.php(366): CodeIgniter\CodeIgniter->handleRequest(null, Object(Config\Cache), false)
 9 FCPATH\index.php(67): CodeIgniter\CodeIgniter->run()
INFO - 2023-07-25 22:03:24 --> Session: Class initialized using 'CodeIgniter\Session\Handlers\FileHandler' driver.
CRITICAL - 2023-07-25 22:03:24 --> Undefined property: CodeIgniter\View\View::$session
in APPPATH\Views\login\login_page.php on line 28.
 1 APPPATH\Views\login\login_page.php(28): CodeIgniter\Debug\Exceptions->errorHandler(2, 'Undefined property: CodeIgniter\\View\\View::$session', 'D:\\laragon\\www\\breastcanceris\\app\\Views\\login\\login_page.php', 28)
 2 SYSTEMPATH\View\View.php(224): include('D:\\laragon\\www\\breastcanceris\\app\\Views\\login\\login_page.php')
 3 SYSTEMPATH\View\View.php(227): CodeIgniter\View\View->CodeIgniter\View\{closure}()
 4 SYSTEMPATH\Common.php(1180): CodeIgniter\View\View->render('login/login_page', [], true)
 5 APPPATH\Controllers\Login.php(9): view('login/login_page')
 6 SYSTEMPATH\CodeIgniter.php(932): App\Controllers\Login->index()
 7 SYSTEMPATH\CodeIgniter.php(497): CodeIgniter\CodeIgniter->runController(Object(App\Controllers\Login))
 8 SYSTEMPATH\CodeIgniter.php(366): CodeIgniter\CodeIgniter->handleRequest(null, Object(Config\Cache), false)
 9 FCPATH\index.php(67): CodeIgniter\CodeIgniter->run()
INFO - 2023-07-25 22:05:02 --> Session: Class initialized using 'CodeIgniter\Session\Handlers\FileHandler' driver.
INFO - 2023-07-25 22:07:37 --> Session: Class initialized using 'CodeIgniter\Session\Handlers\FileHandler' driver.
INFO - 2023-07-25 22:08:07 --> Session: Class initialized using 'CodeIgniter\Session\Handlers\FileHandler' driver.
INFO - 2023-07-25 22:08:40 --> Session: Class initialized using 'CodeIgniter\Session\Handlers\FileHandler' driver.
INFO - 2023-07-25 22:12:48 --> Session: Class initialized using 'CodeIgniter\Session\Handlers\FileHandler' driver.
INFO - 2023-07-25 22:17:29 --> Session: Class initialized using 'CodeIgniter\Session\Handlers\FileHandler' driver.
INFO - 2023-07-25 22:20:18 --> Session: Class initialized using 'CodeIgniter\Session\Handlers\FileHandler' driver.
CRITICAL - 2023-07-25 22:20:18 --> Call to undefined method CodeIgniter\Session\Session::flashdata()
in APPPATH\Views\login\login_page.php on line 28.
 1 SYSTEMPATH\View\View.php(224): include()
 2 SYSTEMPATH\View\View.php(227): CodeIgniter\View\View->CodeIgniter\View\{closure}()
 3 SYSTEMPATH\Common.php(1180): CodeIgniter\View\View->render('login/login_page', [], true)
 4 APPPATH\Controllers\Login.php(9): view('login/login_page')
 5 SYSTEMPATH\CodeIgniter.php(932): App\Controllers\Login->index()
 6 SYSTEMPATH\CodeIgniter.php(497): CodeIgniter\CodeIgniter->runController(Object(App\Controllers\Login))
 7 SYSTEMPATH\CodeIgniter.php(366): CodeIgniter\CodeIgniter->handleRequest(null, Object(Config\Cache), false)
 8 FCPATH\index.php(67): CodeIgniter\CodeIgniter->run()
INFO - 2023-07-25 22:20:53 --> Session: Class initialized using 'CodeIgniter\Session\Handlers\FileHandler' driver.
CRITICAL - 2023-07-25 22:20:53 --> Call to undefined method CodeIgniter\Session\Session::flashdata()
in APPPATH\Views\login\login_page.php on line 28.
 1 SYSTEMPATH\View\View.php(224): include()
 2 SYSTEMPATH\View\View.php(227): CodeIgniter\View\View->CodeIgniter\View\{closure}()
 3 SYSTEMPATH\Common.php(1180): CodeIgniter\View\View->render('login/login_page', [], true)
 4 APPPATH\Controllers\Login.php(9): view('login/login_page')
 5 SYSTEMPATH\CodeIgniter.php(932): App\Controllers\Login->index()
 6 SYSTEMPATH\CodeIgniter.php(497): CodeIgniter\CodeIgniter->runController(Object(App\Controllers\Login))
 7 SYSTEMPATH\CodeIgniter.php(366): CodeIgniter\CodeIgniter->handleRequest(null, Object(Config\Cache), false)
 8 FCPATH\index.php(67): CodeIgniter\CodeIgniter->run()
INFO - 2023-07-25 22:20:54 --> Session: Class initialized using 'CodeIgniter\Session\Handlers\FileHandler' driver.
CRITICAL - 2023-07-25 22:20:54 --> Call to undefined method CodeIgniter\Session\Session::flashdata()
in APPPATH\Views\login\login_page.php on line 28.
 1 SYSTEMPATH\View\View.php(224): include()
 2 SYSTEMPATH\View\View.php(227): CodeIgniter\View\View->CodeIgniter\View\{closure}()
 3 SYSTEMPATH\Common.php(1180): CodeIgniter\View\View->render('login/login_page', [], true)
 4 APPPATH\Controllers\Login.php(9): view('login/login_page')
 5 SYSTEMPATH\CodeIgniter.php(932): App\Controllers\Login->index()
 6 SYSTEMPATH\CodeIgniter.php(497): CodeIgniter\CodeIgniter->runController(Object(App\Controllers\Login))
 7 SYSTEMPATH\CodeIgniter.php(366): CodeIgniter\CodeIgniter->handleRequest(null, Object(Config\Cache), false)
 8 FCPATH\index.php(67): CodeIgniter\CodeIgniter->run()
INFO - 2023-07-25 22:20:54 --> Session: Class initialized using 'CodeIgniter\Session\Handlers\FileHandler' driver.
CRITICAL - 2023-07-25 22:20:54 --> Call to undefined method CodeIgniter\Session\Session::flashdata()
in APPPATH\Views\login\login_page.php on line 28.
 1 SYSTEMPATH\View\View.php(224): include()
 2 SYSTEMPATH\View\View.php(227): CodeIgniter\View\View->CodeIgniter\View\{closure}()
 3 SYSTEMPATH\Common.php(1180): CodeIgniter\View\View->render('login/login_page', [], true)
 4 APPPATH\Controllers\Login.php(9): view('login/login_page')
 5 SYSTEMPATH\CodeIgniter.php(932): App\Controllers\Login->index()
 6 SYSTEMPATH\CodeIgniter.php(497): CodeIgniter\CodeIgniter->runController(Object(App\Controllers\Login))
 7 SYSTEMPATH\CodeIgniter.php(366): CodeIgniter\CodeIgniter->handleRequest(null, Object(Config\Cache), false)
 8 FCPATH\index.php(67): CodeIgniter\CodeIgniter->run()
INFO - 2023-07-25 22:20:54 --> Session: Class initialized using 'CodeIgniter\Session\Handlers\FileHandler' driver.
CRITICAL - 2023-07-25 22:20:54 --> Call to undefined method CodeIgniter\Session\Session::flashdata()
in APPPATH\Views\login\login_page.php on line 28.
 1 SYSTEMPATH\View\View.php(224): include()
 2 SYSTEMPATH\View\View.php(227): CodeIgniter\View\View->CodeIgniter\View\{closure}()
 3 SYSTEMPATH\Common.php(1180): CodeIgniter\View\View->render('login/login_page', [], true)
 4 APPPATH\Controllers\Login.php(9): view('login/login_page')
 5 SYSTEMPATH\CodeIgniter.php(932): App\Controllers\Login->index()
 6 SYSTEMPATH\CodeIgniter.php(497): CodeIgniter\CodeIgniter->runController(Object(App\Controllers\Login))
 7 SYSTEMPATH\CodeIgniter.php(366): CodeIgniter\CodeIgniter->handleRequest(null, Object(Config\Cache), false)
 8 FCPATH\index.php(67): CodeIgniter\CodeIgniter->run()
INFO - 2023-07-25 22:20:54 --> Session: Class initialized using 'CodeIgniter\Session\Handlers\FileHandler' driver.
CRITICAL - 2023-07-25 22:20:54 --> Call to undefined method CodeIgniter\Session\Session::flashdata()
in APPPATH\Views\login\login_page.php on line 28.
 1 SYSTEMPATH\View\View.php(224): include()
 2 SYSTEMPATH\View\View.php(227): CodeIgniter\View\View->CodeIgniter\View\{closure}()
 3 SYSTEMPATH\Common.php(1180): CodeIgniter\View\View->render('login/login_page', [], true)
 4 APPPATH\Controllers\Login.php(9): view('login/login_page')
 5 SYSTEMPATH\CodeIgniter.php(932): App\Controllers\Login->index()
 6 SYSTEMPATH\CodeIgniter.php(497): CodeIgniter\CodeIgniter->runController(Object(App\Controllers\Login))
 7 SYSTEMPATH\CodeIgniter.php(366): CodeIgniter\CodeIgniter->handleRequest(null, Object(Config\Cache), false)
 8 FCPATH\index.php(67): CodeIgniter\CodeIgniter->run()
INFO - 2023-07-25 22:21:03 --> Session: Class initialized using 'CodeIgniter\Session\Handlers\FileHandler' driver.
INFO - 2023-07-25 22:21:11 --> Session: Class initialized using 'CodeIgniter\Session\Handlers\FileHandler' driver.
INFO - 2023-07-25 22:26:15 --> Session: Class initialized using 'CodeIgniter\Session\Handlers\FileHandler' driver.
INFO - 2023-07-25 22:28:33 --> Session: Class initialized using 'CodeIgniter\Session\Handlers\FileHandler' driver.
INFO - 2023-07-25 22:28:43 --> Session: Class initialized using 'CodeIgniter\Session\Handlers\FileHandler' driver.
INFO - 2023-07-25 22:30:05 --> Session: Class initialized using 'CodeIgniter\Session\Handlers\FileHandler' driver.
INFO - 2023-07-25 22:30:16 --> Session: Class initialized using 'CodeIgniter\Session\Handlers\FileHandler' driver.
INFO - 2023-07-25 22:31:10 --> Session: Class initialized using 'CodeIgniter\Session\Handlers\FileHandler' driver.
INFO - 2023-07-25 22:31:18 --> Session: Class initialized using 'CodeIgniter\Session\Handlers\FileHandler' driver.
INFO - 2023-07-25 22:31:57 --> Session: Class initialized using 'CodeIgniter\Session\Handlers\FileHandler' driver.
INFO - 2023-07-25 22:32:17 --> Session: Class initialized using 'CodeIgniter\Session\Handlers\FileHandler' driver.
INFO - 2023-07-25 22:32:18 --> Session: Class initialized using 'CodeIgniter\Session\Handlers\FileHandler' driver.
INFO - 2023-07-25 22:32:19 --> Session: Class initialized using 'CodeIgniter\Session\Handlers\FileHandler' driver.
INFO - 2023-07-25 22:32:29 --> Session: Class initialized using 'CodeIgniter\Session\Handlers\FileHandler' driver.
INFO - 2023-07-25 22:32:30 --> Session: Class initialized using 'CodeIgniter\Session\Handlers\FileHandler' driver.
INFO - 2023-07-25 22:32:31 --> Session: Class initialized using 'CodeIgniter\Session\Handlers\FileHandler' driver.
