CRITICAL - 2023-07-24 14:08:38 --> Undefined property: CodeIgniter\View\View::$template
in APPPATH\Views\template\layout.php on line 29.
 1 APPPATH\Views\template\layout.php(29): CodeIgniter\Debug\Exceptions->errorHandler(2, 'Undefined property: CodeIgniter\\View\\View::$template', 'D:\\laragon\\www\\breastcanceris\\app\\Views\\template\\layout.php', 29)
 2 SYSTEMPATH\View\View.php(224): include('D:\\laragon\\www\\breastcanceris\\app\\Views\\template\\layout.php')
 3 SYSTEMPATH\View\View.php(227): CodeIgniter\View\View->CodeIgniter\View\{closure}()
 4 SYSTEMPATH\View\View.php(240): CodeIgniter\View\View->render('template/layout', [], true)
 5 SYSTEMPATH\Common.php(1180): CodeIgniter\View\View->render('dashboard', [], true)
 6 APPPATH\Controllers\Home.php(9): view('dashboard')
 7 SYSTEMPATH\CodeIgniter.php(932): App\Controllers\Home->index()
 8 SYSTEMPATH\CodeIgniter.php(497): CodeIgniter\CodeIgniter->runController(Object(App\Controllers\Home))
 9 SYSTEMPATH\CodeIgniter.php(366): CodeIgniter\CodeIgniter->handleRequest(null, Object(Config\Cache), false)
10 FCPATH\index.php(67): CodeIgniter\CodeIgniter->run()
CRITICAL - 2023-07-24 14:08:52 --> Undefined property: CodeIgniter\View\View::$template
in APPPATH\Views\template\layout.php on line 29.
 1 APPPATH\Views\template\layout.php(29): CodeIgniter\Debug\Exceptions->errorHandler(2, 'Undefined property: CodeIgniter\\View\\View::$template', 'D:\\laragon\\www\\breastcanceris\\app\\Views\\template\\layout.php', 29)
 2 SYSTEMPATH\View\View.php(224): include('D:\\laragon\\www\\breastcanceris\\app\\Views\\template\\layout.php')
 3 SYSTEMPATH\View\View.php(227): CodeIgniter\View\View->CodeIgniter\View\{closure}()
 4 SYSTEMPATH\View\View.php(240): CodeIgniter\View\View->render('template/layout', [], true)
 5 SYSTEMPATH\Common.php(1180): CodeIgniter\View\View->render('dashboard', [], true)
 6 APPPATH\Controllers\Home.php(9): view('dashboard')
 7 SYSTEMPATH\CodeIgniter.php(932): App\Controllers\Home->index()
 8 SYSTEMPATH\CodeIgniter.php(497): CodeIgniter\CodeIgniter->runController(Object(App\Controllers\Home))
 9 SYSTEMPATH\CodeIgniter.php(366): CodeIgniter\CodeIgniter->handleRequest(null, Object(Config\Cache), false)
10 FCPATH\index.php(67): CodeIgniter\CodeIgniter->run()
CRITICAL - 2023-07-24 14:09:02 --> Undefined variable $title
in APPPATH\Views\template\layout.php on line 79.
 1 APPPATH\Views\template\layout.php(79): CodeIgniter\Debug\Exceptions->errorHandler(2, 'Undefined variable $title', 'D:\\laragon\\www\\breastcanceris\\app\\Views\\template\\layout.php', 79)
 2 SYSTEMPATH\View\View.php(224): include('D:\\laragon\\www\\breastcanceris\\app\\Views\\template\\layout.php')
 3 SYSTEMPATH\View\View.php(227): CodeIgniter\View\View->CodeIgniter\View\{closure}()
 4 SYSTEMPATH\View\View.php(240): CodeIgniter\View\View->render('template/layout', [], true)
 5 SYSTEMPATH\Common.php(1180): CodeIgniter\View\View->render('dashboard', [], true)
 6 APPPATH\Controllers\Home.php(9): view('dashboard')
 7 SYSTEMPATH\CodeIgniter.php(932): App\Controllers\Home->index()
 8 SYSTEMPATH\CodeIgniter.php(497): CodeIgniter\CodeIgniter->runController(Object(App\Controllers\Home))
 9 SYSTEMPATH\CodeIgniter.php(366): CodeIgniter\CodeIgniter->handleRequest(null, Object(Config\Cache), false)
10 FCPATH\index.php(67): CodeIgniter\CodeIgniter->run()
CRITICAL - 2023-07-24 14:09:19 --> Undefined variable $title
in APPPATH\Views\template\layout.php on line 79.
 1 APPPATH\Views\template\layout.php(79): CodeIgniter\Debug\Exceptions->errorHandler(2, 'Undefined variable $title', 'D:\\laragon\\www\\breastcanceris\\app\\Views\\template\\layout.php', 79)
 2 SYSTEMPATH\View\View.php(224): include('D:\\laragon\\www\\breastcanceris\\app\\Views\\template\\layout.php')
 3 SYSTEMPATH\View\View.php(227): CodeIgniter\View\View->CodeIgniter\View\{closure}()
 4 SYSTEMPATH\View\View.php(240): CodeIgniter\View\View->render('template/layout', [], true)
 5 SYSTEMPATH\Common.php(1180): CodeIgniter\View\View->render('dashboard', [], true)
 6 APPPATH\Controllers\Home.php(9): view('dashboard')
 7 SYSTEMPATH\CodeIgniter.php(932): App\Controllers\Home->index()
 8 SYSTEMPATH\CodeIgniter.php(497): CodeIgniter\CodeIgniter->runController(Object(App\Controllers\Home))
 9 SYSTEMPATH\CodeIgniter.php(366): CodeIgniter\CodeIgniter->handleRequest(null, Object(Config\Cache), false)
10 FCPATH\index.php(67): CodeIgniter\CodeIgniter->run()
CRITICAL - 2023-07-24 14:11:58 --> Call to undefined method CodeIgniter\View\View::view()
in APPPATH\Views\template\layout.php on line 69.
 1 SYSTEMPATH\View\View.php(224): include()
 2 SYSTEMPATH\View\View.php(227): CodeIgniter\View\View->CodeIgniter\View\{closure}()
 3 SYSTEMPATH\View\View.php(240): CodeIgniter\View\View->render('template/layout', [], true)
 4 SYSTEMPATH\Common.php(1180): CodeIgniter\View\View->render('dashboard', [], true)
 5 APPPATH\Controllers\Home.php(9): view('dashboard')
 6 SYSTEMPATH\CodeIgniter.php(932): App\Controllers\Home->index()
 7 SYSTEMPATH\CodeIgniter.php(497): CodeIgniter\CodeIgniter->runController(Object(App\Controllers\Home))
 8 SYSTEMPATH\CodeIgniter.php(366): CodeIgniter\CodeIgniter->handleRequest(null, Object(Config\Cache), false)
 9 FCPATH\index.php(67): CodeIgniter\CodeIgniter->run()
CRITICAL - 2023-07-24 14:14:23 --> Invalid file: "layout/usermenu.php"
in SYSTEMPATH\Exceptions\FrameworkException.php on line 33.
 1 SYSTEMPATH\View\View.php(212): CodeIgniter\Exceptions\FrameworkException::forInvalidFile('layout/usermenu.php')
 2 SYSTEMPATH\Common.php(1180): CodeIgniter\View\View->render('layout/usermenu', [], true)
 3 APPPATH\Views\template\layout.php(69): view('layout/usermenu')
 4 SYSTEMPATH\View\View.php(224): include('D:\\laragon\\www\\breastcanceris\\app\\Views\\template\\layout.php')
 5 SYSTEMPATH\View\View.php(227): CodeIgniter\View\View->CodeIgniter\View\{closure}()
 6 SYSTEMPATH\View\View.php(240): CodeIgniter\View\View->render('template/layout', [], true)
 7 SYSTEMPATH\Common.php(1180): CodeIgniter\View\View->render('dashboard', [], true)
 8 APPPATH\Controllers\Home.php(9): view('dashboard')
 9 SYSTEMPATH\CodeIgniter.php(932): App\Controllers\Home->index()
10 SYSTEMPATH\CodeIgniter.php(497): CodeIgniter\CodeIgniter->runController(Object(App\Controllers\Home))
11 SYSTEMPATH\CodeIgniter.php(366): CodeIgniter\CodeIgniter->handleRequest(null, Object(Config\Cache), false)
12 FCPATH\index.php(67): CodeIgniter\CodeIgniter->run()
CRITICAL - 2023-07-24 14:17:03 --> Invalid file: "layout/usermenu.php"
in SYSTEMPATH\Exceptions\FrameworkException.php on line 33.
 1 SYSTEMPATH\View\View.php(212): CodeIgniter\Exceptions\FrameworkException::forInvalidFile('layout/usermenu.php')
 2 SYSTEMPATH\Common.php(1180): CodeIgniter\View\View->render('layout/usermenu', [], true)
 3 APPPATH\Views\template\layout.php(69): view('layout/usermenu')
 4 SYSTEMPATH\View\View.php(224): include('D:\\laragon\\www\\breastcanceris\\app\\Views\\template\\layout.php')
 5 SYSTEMPATH\View\View.php(227): CodeIgniter\View\View->CodeIgniter\View\{closure}()
 6 SYSTEMPATH\View\View.php(240): CodeIgniter\View\View->render('template/layout', [], true)
 7 SYSTEMPATH\Common.php(1180): CodeIgniter\View\View->render('dashboard', [], true)
 8 APPPATH\Controllers\Home.php(9): view('dashboard')
 9 SYSTEMPATH\CodeIgniter.php(932): App\Controllers\Home->index()
10 SYSTEMPATH\CodeIgniter.php(497): CodeIgniter\CodeIgniter->runController(Object(App\Controllers\Home))
11 SYSTEMPATH\CodeIgniter.php(366): CodeIgniter\CodeIgniter->handleRequest(null, Object(Config\Cache), false)
12 FCPATH\index.php(67): CodeIgniter\CodeIgniter->run()
CRITICAL - 2023-07-24 14:18:01 --> Call to undefined function get_cookie()
in APPPATH\Views\template\usermenu.php on line 16.
 1 SYSTEMPATH\View\View.php(224): include()
 2 SYSTEMPATH\View\View.php(227): CodeIgniter\View\View->CodeIgniter\View\{closure}()
 3 SYSTEMPATH\Common.php(1180): CodeIgniter\View\View->render('template/usermenu', [], true)
 4 APPPATH\Views\template\layout.php(69): view('template/usermenu')
 5 SYSTEMPATH\View\View.php(224): include('D:\\laragon\\www\\breastcanceris\\app\\Views\\template\\layout.php')
 6 SYSTEMPATH\View\View.php(227): CodeIgniter\View\View->CodeIgniter\View\{closure}()
 7 SYSTEMPATH\View\View.php(240): CodeIgniter\View\View->render('template/layout', [], true)
 8 SYSTEMPATH\Common.php(1180): CodeIgniter\View\View->render('dashboard', [], true)
 9 APPPATH\Controllers\Home.php(9): view('dashboard')
10 SYSTEMPATH\CodeIgniter.php(932): App\Controllers\Home->index()
11 SYSTEMPATH\CodeIgniter.php(497): CodeIgniter\CodeIgniter->runController(Object(App\Controllers\Home))
12 SYSTEMPATH\CodeIgniter.php(366): CodeIgniter\CodeIgniter->handleRequest(null, Object(Config\Cache), false)
13 FCPATH\index.php(67): CodeIgniter\CodeIgniter->run()
CRITICAL - 2023-07-24 14:24:12 --> Call to undefined function get_cookie()
in APPPATH\Views\template\usermenu.php on line 16.
 1 SYSTEMPATH\View\View.php(224): include()
 2 SYSTEMPATH\View\View.php(227): CodeIgniter\View\View->CodeIgniter\View\{closure}()
 3 SYSTEMPATH\Common.php(1180): CodeIgniter\View\View->render('template/usermenu', [], true)
 4 APPPATH\Views\template\layout.php(69): view('template/usermenu')
 5 SYSTEMPATH\View\View.php(224): include('D:\\laragon\\www\\breastcanceris\\app\\Views\\template\\layout.php')
 6 SYSTEMPATH\View\View.php(227): CodeIgniter\View\View->CodeIgniter\View\{closure}()
 7 SYSTEMPATH\View\View.php(240): CodeIgniter\View\View->render('template/layout', [], true)
 8 SYSTEMPATH\Common.php(1180): CodeIgniter\View\View->render('dashboard', [], true)
 9 APPPATH\Controllers\Home.php(9): view('dashboard')
10 SYSTEMPATH\CodeIgniter.php(932): App\Controllers\Home->index()
11 SYSTEMPATH\CodeIgniter.php(497): CodeIgniter\CodeIgniter->runController(Object(App\Controllers\Home))
12 SYSTEMPATH\CodeIgniter.php(366): CodeIgniter\CodeIgniter->handleRequest(null, Object(Config\Cache), false)
13 FCPATH\index.php(67): CodeIgniter\CodeIgniter->run()
CRITICAL - 2023-07-24 14:24:40 --> Call to undefined function get_cookie()
in APPPATH\Views\template\usermenu.php on line 16.
 1 SYSTEMPATH\View\View.php(224): include()
 2 SYSTEMPATH\View\View.php(227): CodeIgniter\View\View->CodeIgniter\View\{closure}()
 3 SYSTEMPATH\Common.php(1180): CodeIgniter\View\View->render('template/usermenu', [], true)
 4 APPPATH\Views\template\layout.php(69): view('template/usermenu')
 5 SYSTEMPATH\View\View.php(224): include('D:\\laragon\\www\\breastcanceris\\app\\Views\\template\\layout.php')
 6 SYSTEMPATH\View\View.php(227): CodeIgniter\View\View->CodeIgniter\View\{closure}()
 7 SYSTEMPATH\View\View.php(240): CodeIgniter\View\View->render('template/layout', [], true)
 8 SYSTEMPATH\Common.php(1180): CodeIgniter\View\View->render('dashboard', [], true)
 9 APPPATH\Controllers\Home.php(9): view('dashboard')
10 SYSTEMPATH\CodeIgniter.php(932): App\Controllers\Home->index()
11 SYSTEMPATH\CodeIgniter.php(497): CodeIgniter\CodeIgniter->runController(Object(App\Controllers\Home))
12 SYSTEMPATH\CodeIgniter.php(366): CodeIgniter\CodeIgniter->handleRequest(null, Object(Config\Cache), false)
13 FCPATH\index.php(67): CodeIgniter\CodeIgniter->run()
CRITICAL - 2023-07-24 14:25:43 --> Call to undefined function get_cookie()
in APPPATH\Views\template\usermenu.php on line 16.
 1 SYSTEMPATH\View\View.php(224): include()
 2 SYSTEMPATH\View\View.php(227): CodeIgniter\View\View->CodeIgniter\View\{closure}()
 3 SYSTEMPATH\Common.php(1180): CodeIgniter\View\View->render('template/usermenu', [], true)
 4 APPPATH\Views\template\layout.php(69): view('template/usermenu')
 5 SYSTEMPATH\View\View.php(224): include('D:\\laragon\\www\\breastcanceris\\app\\Views\\template\\layout.php')
 6 SYSTEMPATH\View\View.php(227): CodeIgniter\View\View->CodeIgniter\View\{closure}()
 7 SYSTEMPATH\View\View.php(240): CodeIgniter\View\View->render('template/layout', [], true)
 8 SYSTEMPATH\Common.php(1180): CodeIgniter\View\View->render('dashboard', [], true)
 9 APPPATH\Controllers\Home.php(9): view('dashboard')
10 SYSTEMPATH\CodeIgniter.php(932): App\Controllers\Home->index()
11 SYSTEMPATH\CodeIgniter.php(497): CodeIgniter\CodeIgniter->runController(Object(App\Controllers\Home))
12 SYSTEMPATH\CodeIgniter.php(366): CodeIgniter\CodeIgniter->handleRequest(null, Object(Config\Cache), false)
13 FCPATH\index.php(67): CodeIgniter\CodeIgniter->run()
CRITICAL - 2023-07-24 14:26:05 --> Call to undefined function get_cookie()
in APPPATH\Views\template\usermenu.php on line 16.
 1 SYSTEMPATH\View\View.php(224): include()
 2 SYSTEMPATH\View\View.php(227): CodeIgniter\View\View->CodeIgniter\View\{closure}()
 3 SYSTEMPATH\Common.php(1180): CodeIgniter\View\View->render('template/usermenu', [], true)
 4 APPPATH\Views\template\layout.php(69): view('template/usermenu')
 5 SYSTEMPATH\View\View.php(224): include('D:\\laragon\\www\\breastcanceris\\app\\Views\\template\\layout.php')
 6 SYSTEMPATH\View\View.php(227): CodeIgniter\View\View->CodeIgniter\View\{closure}()
 7 SYSTEMPATH\View\View.php(240): CodeIgniter\View\View->render('template/layout', [], true)
 8 SYSTEMPATH\Common.php(1180): CodeIgniter\View\View->render('dashboard', [], true)
 9 APPPATH\Controllers\Home.php(9): view('dashboard')
10 SYSTEMPATH\CodeIgniter.php(932): App\Controllers\Home->index()
11 SYSTEMPATH\CodeIgniter.php(497): CodeIgniter\CodeIgniter->runController(Object(App\Controllers\Home))
12 SYSTEMPATH\CodeIgniter.php(366): CodeIgniter\CodeIgniter->handleRequest(null, Object(Config\Cache), false)
13 FCPATH\index.php(67): CodeIgniter\CodeIgniter->run()
CRITICAL - 2023-07-24 14:30:53 --> Call to undefined function getData()
in APPPATH\Views\template\usermenu.php on line 20.
 1 SYSTEMPATH\View\View.php(224): include()
 2 SYSTEMPATH\View\View.php(227): CodeIgniter\View\View->CodeIgniter\View\{closure}()
 3 SYSTEMPATH\Common.php(1180): CodeIgniter\View\View->render('template/usermenu', [], true)
 4 APPPATH\Views\template\layout.php(69): view('template/usermenu')
 5 SYSTEMPATH\View\View.php(224): include('D:\\laragon\\www\\breastcanceris\\app\\Views\\template\\layout.php')
 6 SYSTEMPATH\View\View.php(227): CodeIgniter\View\View->CodeIgniter\View\{closure}()
 7 SYSTEMPATH\View\View.php(240): CodeIgniter\View\View->render('template/layout', [], true)
 8 SYSTEMPATH\Common.php(1180): CodeIgniter\View\View->render('dashboard', [], true)
 9 APPPATH\Controllers\Home.php(9): view('dashboard')
10 SYSTEMPATH\CodeIgniter.php(932): App\Controllers\Home->index()
11 SYSTEMPATH\CodeIgniter.php(497): CodeIgniter\CodeIgniter->runController(Object(App\Controllers\Home))
12 SYSTEMPATH\CodeIgniter.php(366): CodeIgniter\CodeIgniter->handleRequest(null, Object(Config\Cache), false)
13 FCPATH\index.php(67): CodeIgniter\CodeIgniter->run()
CRITICAL - 2023-07-24 14:31:22 --> Call to undefined function getData()
in APPPATH\Views\template\usermenu.php on line 20.
 1 SYSTEMPATH\View\View.php(224): include()
 2 SYSTEMPATH\View\View.php(227): CodeIgniter\View\View->CodeIgniter\View\{closure}()
 3 SYSTEMPATH\Common.php(1180): CodeIgniter\View\View->render('template/usermenu', [], true)
 4 APPPATH\Views\template\layout.php(69): view('template/usermenu')
 5 SYSTEMPATH\View\View.php(224): include('D:\\laragon\\www\\breastcanceris\\app\\Views\\template\\layout.php')
 6 SYSTEMPATH\View\View.php(227): CodeIgniter\View\View->CodeIgniter\View\{closure}()
 7 SYSTEMPATH\View\View.php(240): CodeIgniter\View\View->render('template/layout', [], true)
 8 SYSTEMPATH\Common.php(1180): CodeIgniter\View\View->render('dashboard', [], true)
 9 APPPATH\Controllers\Home.php(9): view('dashboard')
10 SYSTEMPATH\CodeIgniter.php(932): App\Controllers\Home->index()
11 SYSTEMPATH\CodeIgniter.php(497): CodeIgniter\CodeIgniter->runController(Object(App\Controllers\Home))
12 SYSTEMPATH\CodeIgniter.php(366): CodeIgniter\CodeIgniter->handleRequest(null, Object(Config\Cache), false)
13 FCPATH\index.php(67): CodeIgniter\CodeIgniter->run()
CRITICAL - 2023-07-24 21:02:11 --> Array to string conversion
in APPPATH\Views\template\usermenu.php on line 20.
 1 APPPATH\Views\template\usermenu.php(20): CodeIgniter\Debug\Exceptions->errorHandler(2, 'Array to string conversion', 'D:\\laragon\\www\\breastcanceris\\app\\Views\\template\\usermenu.php', 20)
 2 SYSTEMPATH\View\View.php(224): include('D:\\laragon\\www\\breastcanceris\\app\\Views\\template\\usermenu.php')
 3 SYSTEMPATH\View\View.php(227): CodeIgniter\View\View->CodeIgniter\View\{closure}()
 4 SYSTEMPATH\Common.php(1180): CodeIgniter\View\View->render('template/usermenu', [], true)
 5 APPPATH\Views\template\layout.php(69): view('template/usermenu')
 6 SYSTEMPATH\View\View.php(224): include('D:\\laragon\\www\\breastcanceris\\app\\Views\\template\\layout.php')
 7 SYSTEMPATH\View\View.php(227): CodeIgniter\View\View->CodeIgniter\View\{closure}()
 8 SYSTEMPATH\View\View.php(240): CodeIgniter\View\View->render('template/layout', [], true)
 9 SYSTEMPATH\Common.php(1180): CodeIgniter\View\View->render('dashboard', [], true)
10 APPPATH\Controllers\Home.php(9): view('dashboard')
11 SYSTEMPATH\CodeIgniter.php(932): App\Controllers\Home->index()
12 SYSTEMPATH\CodeIgniter.php(497): CodeIgniter\CodeIgniter->runController(Object(App\Controllers\Home))
13 SYSTEMPATH\CodeIgniter.php(366): CodeIgniter\CodeIgniter->handleRequest(null, Object(Config\Cache), false)
14 FCPATH\index.php(67): CodeIgniter\CodeIgniter->run()
CRITICAL - 2023-07-24 21:02:26 --> Array to string conversion
in APPPATH\Views\template\usermenu.php on line 21.
 1 APPPATH\Views\template\usermenu.php(21): CodeIgniter\Debug\Exceptions->errorHandler(2, 'Array to string conversion', 'D:\\laragon\\www\\breastcanceris\\app\\Views\\template\\usermenu.php', 21)
 2 SYSTEMPATH\View\View.php(224): include('D:\\laragon\\www\\breastcanceris\\app\\Views\\template\\usermenu.php')
 3 SYSTEMPATH\View\View.php(227): CodeIgniter\View\View->CodeIgniter\View\{closure}()
 4 SYSTEMPATH\Common.php(1180): CodeIgniter\View\View->render('template/usermenu', [], true)
 5 APPPATH\Views\template\layout.php(69): view('template/usermenu')
 6 SYSTEMPATH\View\View.php(224): include('D:\\laragon\\www\\breastcanceris\\app\\Views\\template\\layout.php')
 7 SYSTEMPATH\View\View.php(227): CodeIgniter\View\View->CodeIgniter\View\{closure}()
 8 SYSTEMPATH\View\View.php(240): CodeIgniter\View\View->render('template/layout', [], true)
 9 SYSTEMPATH\Common.php(1180): CodeIgniter\View\View->render('dashboard', [], true)
10 APPPATH\Controllers\Home.php(9): view('dashboard')
11 SYSTEMPATH\CodeIgniter.php(932): App\Controllers\Home->index()
12 SYSTEMPATH\CodeIgniter.php(497): CodeIgniter\CodeIgniter->runController(Object(App\Controllers\Home))
13 SYSTEMPATH\CodeIgniter.php(366): CodeIgniter\CodeIgniter->handleRequest(null, Object(Config\Cache), false)
14 FCPATH\index.php(67): CodeIgniter\CodeIgniter->run()
CRITICAL - 2023-07-24 21:03:26 --> Array to string conversion
in APPPATH\Views\template\usermenu.php on line 21.
 1 APPPATH\Views\template\usermenu.php(21): CodeIgniter\Debug\Exceptions->errorHandler(2, 'Array to string conversion', 'D:\\laragon\\www\\breastcanceris\\app\\Views\\template\\usermenu.php', 21)
 2 SYSTEMPATH\View\View.php(224): include('D:\\laragon\\www\\breastcanceris\\app\\Views\\template\\usermenu.php')
 3 SYSTEMPATH\View\View.php(227): CodeIgniter\View\View->CodeIgniter\View\{closure}()
 4 SYSTEMPATH\Common.php(1180): CodeIgniter\View\View->render('template/usermenu', [], true)
 5 APPPATH\Views\template\layout.php(69): view('template/usermenu')
 6 SYSTEMPATH\View\View.php(224): include('D:\\laragon\\www\\breastcanceris\\app\\Views\\template\\layout.php')
 7 SYSTEMPATH\View\View.php(227): CodeIgniter\View\View->CodeIgniter\View\{closure}()
 8 SYSTEMPATH\View\View.php(240): CodeIgniter\View\View->render('template/layout', [], true)
 9 SYSTEMPATH\Common.php(1180): CodeIgniter\View\View->render('dashboard', [], true)
10 APPPATH\Controllers\Home.php(9): view('dashboard')
11 SYSTEMPATH\CodeIgniter.php(932): App\Controllers\Home->index()
12 SYSTEMPATH\CodeIgniter.php(497): CodeIgniter\CodeIgniter->runController(Object(App\Controllers\Home))
13 SYSTEMPATH\CodeIgniter.php(366): CodeIgniter\CodeIgniter->handleRequest(null, Object(Config\Cache), false)
14 FCPATH\index.php(67): CodeIgniter\CodeIgniter->run()
CRITICAL - 2023-07-24 21:03:55 --> Array to string conversion
in APPPATH\Views\template\usermenu.php on line 21.
 1 APPPATH\Views\template\usermenu.php(21): CodeIgniter\Debug\Exceptions->errorHandler(2, 'Array to string conversion', 'D:\\laragon\\www\\breastcanceris\\app\\Views\\template\\usermenu.php', 21)
 2 SYSTEMPATH\View\View.php(224): include('D:\\laragon\\www\\breastcanceris\\app\\Views\\template\\usermenu.php')
 3 SYSTEMPATH\View\View.php(227): CodeIgniter\View\View->CodeIgniter\View\{closure}()
 4 SYSTEMPATH\Common.php(1180): CodeIgniter\View\View->render('template/usermenu', [], true)
 5 APPPATH\Views\template\layout.php(69): view('template/usermenu')
 6 SYSTEMPATH\View\View.php(224): include('D:\\laragon\\www\\breastcanceris\\app\\Views\\template\\layout.php')
 7 SYSTEMPATH\View\View.php(227): CodeIgniter\View\View->CodeIgniter\View\{closure}()
 8 SYSTEMPATH\View\View.php(240): CodeIgniter\View\View->render('template/layout', [], true)
 9 SYSTEMPATH\Common.php(1180): CodeIgniter\View\View->render('dashboard', [], true)
10 APPPATH\Controllers\Home.php(9): view('dashboard')
11 SYSTEMPATH\CodeIgniter.php(932): App\Controllers\Home->index()
12 SYSTEMPATH\CodeIgniter.php(497): CodeIgniter\CodeIgniter->runController(Object(App\Controllers\Home))
13 SYSTEMPATH\CodeIgniter.php(366): CodeIgniter\CodeIgniter->handleRequest(null, Object(Config\Cache), false)
14 FCPATH\index.php(67): CodeIgniter\CodeIgniter->run()
CRITICAL - 2023-07-24 21:06:45 --> Array to string conversion
in APPPATH\Views\template\usermenu.php on line 21.
 1 APPPATH\Views\template\usermenu.php(21): CodeIgniter\Debug\Exceptions->errorHandler(2, 'Array to string conversion', 'D:\\laragon\\www\\breastcanceris\\app\\Views\\template\\usermenu.php', 21)
 2 SYSTEMPATH\View\View.php(224): include('D:\\laragon\\www\\breastcanceris\\app\\Views\\template\\usermenu.php')
 3 SYSTEMPATH\View\View.php(227): CodeIgniter\View\View->CodeIgniter\View\{closure}()
 4 SYSTEMPATH\Common.php(1180): CodeIgniter\View\View->render('template/usermenu', [], true)
 5 APPPATH\Views\template\layout.php(69): view('template/usermenu')
 6 SYSTEMPATH\View\View.php(224): include('D:\\laragon\\www\\breastcanceris\\app\\Views\\template\\layout.php')
 7 SYSTEMPATH\View\View.php(227): CodeIgniter\View\View->CodeIgniter\View\{closure}()
 8 SYSTEMPATH\View\View.php(240): CodeIgniter\View\View->render('template/layout', [], true)
 9 SYSTEMPATH\Common.php(1180): CodeIgniter\View\View->render('dashboard', [], true)
10 APPPATH\Controllers\Home.php(9): view('dashboard')
11 SYSTEMPATH\CodeIgniter.php(932): App\Controllers\Home->index()
12 SYSTEMPATH\CodeIgniter.php(497): CodeIgniter\CodeIgniter->runController(Object(App\Controllers\Home))
13 SYSTEMPATH\CodeIgniter.php(366): CodeIgniter\CodeIgniter->handleRequest(null, Object(Config\Cache), false)
14 FCPATH\index.php(67): CodeIgniter\CodeIgniter->run()
CRITICAL - 2023-07-24 21:06:48 --> Array to string conversion
in APPPATH\Views\template\usermenu.php on line 21.
 1 APPPATH\Views\template\usermenu.php(21): CodeIgniter\Debug\Exceptions->errorHandler(2, 'Array to string conversion', 'D:\\laragon\\www\\breastcanceris\\app\\Views\\template\\usermenu.php', 21)
 2 SYSTEMPATH\View\View.php(224): include('D:\\laragon\\www\\breastcanceris\\app\\Views\\template\\usermenu.php')
 3 SYSTEMPATH\View\View.php(227): CodeIgniter\View\View->CodeIgniter\View\{closure}()
 4 SYSTEMPATH\Common.php(1180): CodeIgniter\View\View->render('template/usermenu', [], true)
 5 APPPATH\Views\template\layout.php(69): view('template/usermenu')
 6 SYSTEMPATH\View\View.php(224): include('D:\\laragon\\www\\breastcanceris\\app\\Views\\template\\layout.php')
 7 SYSTEMPATH\View\View.php(227): CodeIgniter\View\View->CodeIgniter\View\{closure}()
 8 SYSTEMPATH\View\View.php(240): CodeIgniter\View\View->render('template/layout', [], true)
 9 SYSTEMPATH\Common.php(1180): CodeIgniter\View\View->render('dashboard', [], true)
10 APPPATH\Controllers\Home.php(9): view('dashboard')
11 SYSTEMPATH\CodeIgniter.php(932): App\Controllers\Home->index()
12 SYSTEMPATH\CodeIgniter.php(497): CodeIgniter\CodeIgniter->runController(Object(App\Controllers\Home))
13 SYSTEMPATH\CodeIgniter.php(366): CodeIgniter\CodeIgniter->handleRequest(null, Object(Config\Cache), false)
14 FCPATH\index.php(67): CodeIgniter\CodeIgniter->run()
CRITICAL - 2023-07-24 21:06:48 --> Array to string conversion
in APPPATH\Views\template\usermenu.php on line 21.
 1 APPPATH\Views\template\usermenu.php(21): CodeIgniter\Debug\Exceptions->errorHandler(2, 'Array to string conversion', 'D:\\laragon\\www\\breastcanceris\\app\\Views\\template\\usermenu.php', 21)
 2 SYSTEMPATH\View\View.php(224): include('D:\\laragon\\www\\breastcanceris\\app\\Views\\template\\usermenu.php')
 3 SYSTEMPATH\View\View.php(227): CodeIgniter\View\View->CodeIgniter\View\{closure}()
 4 SYSTEMPATH\Common.php(1180): CodeIgniter\View\View->render('template/usermenu', [], true)
 5 APPPATH\Views\template\layout.php(69): view('template/usermenu')
 6 SYSTEMPATH\View\View.php(224): include('D:\\laragon\\www\\breastcanceris\\app\\Views\\template\\layout.php')
 7 SYSTEMPATH\View\View.php(227): CodeIgniter\View\View->CodeIgniter\View\{closure}()
 8 SYSTEMPATH\View\View.php(240): CodeIgniter\View\View->render('template/layout', [], true)
 9 SYSTEMPATH\Common.php(1180): CodeIgniter\View\View->render('dashboard', [], true)
10 APPPATH\Controllers\Home.php(9): view('dashboard')
11 SYSTEMPATH\CodeIgniter.php(932): App\Controllers\Home->index()
12 SYSTEMPATH\CodeIgniter.php(497): CodeIgniter\CodeIgniter->runController(Object(App\Controllers\Home))
13 SYSTEMPATH\CodeIgniter.php(366): CodeIgniter\CodeIgniter->handleRequest(null, Object(Config\Cache), false)
14 FCPATH\index.php(67): CodeIgniter\CodeIgniter->run()
CRITICAL - 2023-07-24 21:09:42 --> Call to undefined function App\Controllers\get_instance()
in APPPATH\Controllers\BaseController.php on line 61.
 1 APPPATH\Controllers\Home.php(13): App\Controllers\BaseController->getData('u_fullname', 'ek_admin', 'u_id ', '1')
 2 SYSTEMPATH\CodeIgniter.php(932): App\Controllers\Home->test()
 3 SYSTEMPATH\CodeIgniter.php(497): CodeIgniter\CodeIgniter->runController(Object(App\Controllers\Home))
 4 SYSTEMPATH\CodeIgniter.php(366): CodeIgniter\CodeIgniter->handleRequest(null, Object(Config\Cache), false)
 5 FCPATH\index.php(67): CodeIgniter\CodeIgniter->run()
CRITICAL - 2023-07-24 21:11:02 --> Call to a member function where() on null
in APPPATH\Controllers\BaseController.php on line 63.
 1 APPPATH\Controllers\Home.php(13): App\Controllers\BaseController->getData('u_fullname', 'ek_admin', 'u_id ', '1')
 2 SYSTEMPATH\CodeIgniter.php(932): App\Controllers\Home->test()
 3 SYSTEMPATH\CodeIgniter.php(497): CodeIgniter\CodeIgniter->runController(Object(App\Controllers\Home))
 4 SYSTEMPATH\CodeIgniter.php(366): CodeIgniter\CodeIgniter->handleRequest(null, Object(Config\Cache), false)
 5 FCPATH\index.php(67): CodeIgniter\CodeIgniter->run()
CRITICAL - 2023-07-24 21:18:56 --> Call to undefined method CodeIgniter\Database\MySQLi\Connection::where()
in APPPATH\Controllers\BaseController.php on line 63.
 1 APPPATH\Controllers\Home.php(13): App\Controllers\BaseController->getData('u_fullname', 'ek_admin', 'u_id ', '1')
 2 SYSTEMPATH\CodeIgniter.php(932): App\Controllers\Home->test()
 3 SYSTEMPATH\CodeIgniter.php(497): CodeIgniter\CodeIgniter->runController(Object(App\Controllers\Home))
 4 SYSTEMPATH\CodeIgniter.php(366): CodeIgniter\CodeIgniter->handleRequest(null, Object(Config\Cache), false)
 5 FCPATH\index.php(67): CodeIgniter\CodeIgniter->run()
CRITICAL - 2023-07-24 21:33:35 --> Undefined variable $table1
in APPPATH\Controllers\BaseController.php on line 64.
 1 APPPATH\Controllers\BaseController.php(64): CodeIgniter\Debug\Exceptions->errorHandler(2, 'Undefined variable $table1', 'D:\\laragon\\www\\breastcanceris\\app\\Controllers\\BaseController.php', 64)
 2 APPPATH\Controllers\Home.php(13): App\Controllers\BaseController->getData('u_fullname', 'ek_admin', 'u_id ', 3)
 3 SYSTEMPATH\CodeIgniter.php(932): App\Controllers\Home->test()
 4 SYSTEMPATH\CodeIgniter.php(497): CodeIgniter\CodeIgniter->runController(Object(App\Controllers\Home))
 5 SYSTEMPATH\CodeIgniter.php(366): CodeIgniter\CodeIgniter->handleRequest(null, Object(Config\Cache), false)
 6 FCPATH\index.php(67): CodeIgniter\CodeIgniter->run()
CRITICAL - 2023-07-24 21:33:59 --> Undefined variable $db
in APPPATH\Controllers\BaseController.php on line 63.
 1 APPPATH\Controllers\BaseController.php(63): CodeIgniter\Debug\Exceptions->errorHandler(2, 'Undefined variable $db', 'D:\\laragon\\www\\breastcanceris\\app\\Controllers\\BaseController.php', 63)
 2 APPPATH\Controllers\Home.php(13): App\Controllers\BaseController->getData('u_fullname', 'ek_admin', 'u_id ', 3)
 3 SYSTEMPATH\CodeIgniter.php(932): App\Controllers\Home->test()
 4 SYSTEMPATH\CodeIgniter.php(497): CodeIgniter\CodeIgniter->runController(Object(App\Controllers\Home))
 5 SYSTEMPATH\CodeIgniter.php(366): CodeIgniter\CodeIgniter->handleRequest(null, Object(Config\Cache), false)
 6 FCPATH\index.php(67): CodeIgniter\CodeIgniter->run()
CRITICAL - 2023-07-24 21:35:49 --> Array to string conversion
in APPPATH\Views\template\usermenu.php on line 21.
 1 APPPATH\Views\template\usermenu.php(21): CodeIgniter\Debug\Exceptions->errorHandler(2, 'Array to string conversion', 'D:\\laragon\\www\\breastcanceris\\app\\Views\\template\\usermenu.php', 21)
 2 SYSTEMPATH\View\View.php(224): include('D:\\laragon\\www\\breastcanceris\\app\\Views\\template\\usermenu.php')
 3 SYSTEMPATH\View\View.php(227): CodeIgniter\View\View->CodeIgniter\View\{closure}()
 4 SYSTEMPATH\Common.php(1180): CodeIgniter\View\View->render('template/usermenu', [], true)
 5 APPPATH\Views\template\layout.php(69): view('template/usermenu')
 6 SYSTEMPATH\View\View.php(224): include('D:\\laragon\\www\\breastcanceris\\app\\Views\\template\\layout.php')
 7 SYSTEMPATH\View\View.php(227): CodeIgniter\View\View->CodeIgniter\View\{closure}()
 8 SYSTEMPATH\View\View.php(240): CodeIgniter\View\View->render('template/layout', [], true)
 9 SYSTEMPATH\Common.php(1180): CodeIgniter\View\View->render('dashboard', [], true)
10 APPPATH\Controllers\Home.php(9): view('dashboard')
11 SYSTEMPATH\CodeIgniter.php(932): App\Controllers\Home->index()
12 SYSTEMPATH\CodeIgniter.php(497): CodeIgniter\CodeIgniter->runController(Object(App\Controllers\Home))
13 SYSTEMPATH\CodeIgniter.php(366): CodeIgniter\CodeIgniter->handleRequest(null, Object(Config\Cache), false)
14 FCPATH\index.php(67): CodeIgniter\CodeIgniter->run()
CRITICAL - 2023-07-24 21:36:11 --> Array to string conversion
in APPPATH\Views\template\usermenu.php on line 22.
 1 APPPATH\Views\template\usermenu.php(22): CodeIgniter\Debug\Exceptions->errorHandler(2, 'Array to string conversion', 'D:\\laragon\\www\\breastcanceris\\app\\Views\\template\\usermenu.php', 22)
 2 SYSTEMPATH\View\View.php(224): include('D:\\laragon\\www\\breastcanceris\\app\\Views\\template\\usermenu.php')
 3 SYSTEMPATH\View\View.php(227): CodeIgniter\View\View->CodeIgniter\View\{closure}()
 4 SYSTEMPATH\Common.php(1180): CodeIgniter\View\View->render('template/usermenu', [], true)
 5 APPPATH\Views\template\layout.php(69): view('template/usermenu')
 6 SYSTEMPATH\View\View.php(224): include('D:\\laragon\\www\\breastcanceris\\app\\Views\\template\\layout.php')
 7 SYSTEMPATH\View\View.php(227): CodeIgniter\View\View->CodeIgniter\View\{closure}()
 8 SYSTEMPATH\View\View.php(240): CodeIgniter\View\View->render('template/layout', [], true)
 9 SYSTEMPATH\Common.php(1180): CodeIgniter\View\View->render('dashboard', [], true)
10 APPPATH\Controllers\Home.php(9): view('dashboard')
11 SYSTEMPATH\CodeIgniter.php(932): App\Controllers\Home->index()
12 SYSTEMPATH\CodeIgniter.php(497): CodeIgniter\CodeIgniter->runController(Object(App\Controllers\Home))
13 SYSTEMPATH\CodeIgniter.php(366): CodeIgniter\CodeIgniter->handleRequest(null, Object(Config\Cache), false)
14 FCPATH\index.php(67): CodeIgniter\CodeIgniter->run()
CRITICAL - 2023-07-24 21:40:25 --> Array to string conversion
in APPPATH\Views\template\usermenu.php on line 22.
 1 APPPATH\Views\template\usermenu.php(22): CodeIgniter\Debug\Exceptions->errorHandler(2, 'Array to string conversion', 'D:\\laragon\\www\\breastcanceris\\app\\Views\\template\\usermenu.php', 22)
 2 SYSTEMPATH\View\View.php(224): include('D:\\laragon\\www\\breastcanceris\\app\\Views\\template\\usermenu.php')
 3 SYSTEMPATH\View\View.php(227): CodeIgniter\View\View->CodeIgniter\View\{closure}()
 4 SYSTEMPATH\Common.php(1180): CodeIgniter\View\View->render('template/usermenu', [], true)
 5 APPPATH\Views\template\layout.php(69): view('template/usermenu')
 6 SYSTEMPATH\View\View.php(224): include('D:\\laragon\\www\\breastcanceris\\app\\Views\\template\\layout.php')
 7 SYSTEMPATH\View\View.php(227): CodeIgniter\View\View->CodeIgniter\View\{closure}()
 8 SYSTEMPATH\View\View.php(240): CodeIgniter\View\View->render('template/layout', [], true)
 9 SYSTEMPATH\Common.php(1180): CodeIgniter\View\View->render('dashboard', [], true)
10 APPPATH\Controllers\Home.php(11): view('dashboard')
11 SYSTEMPATH\CodeIgniter.php(932): App\Controllers\Home->index()
12 SYSTEMPATH\CodeIgniter.php(497): CodeIgniter\CodeIgniter->runController(Object(App\Controllers\Home))
13 SYSTEMPATH\CodeIgniter.php(366): CodeIgniter\CodeIgniter->handleRequest(null, Object(Config\Cache), false)
14 FCPATH\index.php(67): CodeIgniter\CodeIgniter->run()
CRITICAL - 2023-07-24 21:41:55 --> Array to string conversion
in APPPATH\Views\template\usermenu.php on line 22.
 1 APPPATH\Views\template\usermenu.php(22): CodeIgniter\Debug\Exceptions->errorHandler(2, 'Array to string conversion', 'D:\\laragon\\www\\breastcanceris\\app\\Views\\template\\usermenu.php', 22)
 2 SYSTEMPATH\View\View.php(224): include('D:\\laragon\\www\\breastcanceris\\app\\Views\\template\\usermenu.php')
 3 SYSTEMPATH\View\View.php(227): CodeIgniter\View\View->CodeIgniter\View\{closure}()
 4 SYSTEMPATH\Common.php(1180): CodeIgniter\View\View->render('template/usermenu', [], true)
 5 APPPATH\Views\template\layout.php(69): view('template/usermenu')
 6 SYSTEMPATH\View\View.php(224): include('D:\\laragon\\www\\breastcanceris\\app\\Views\\template\\layout.php')
 7 SYSTEMPATH\View\View.php(227): CodeIgniter\View\View->CodeIgniter\View\{closure}()
 8 SYSTEMPATH\View\View.php(240): CodeIgniter\View\View->render('template/layout', [], true)
 9 SYSTEMPATH\Common.php(1180): CodeIgniter\View\View->render('dashboard', [], true)
10 APPPATH\Controllers\Home.php(11): view('dashboard')
11 SYSTEMPATH\CodeIgniter.php(932): App\Controllers\Home->index()
12 SYSTEMPATH\CodeIgniter.php(497): CodeIgniter\CodeIgniter->runController(Object(App\Controllers\Home))
13 SYSTEMPATH\CodeIgniter.php(366): CodeIgniter\CodeIgniter->handleRequest(null, Object(Config\Cache), false)
14 FCPATH\index.php(67): CodeIgniter\CodeIgniter->run()
CRITICAL - 2023-07-24 21:41:57 --> Array to string conversion
in APPPATH\Views\template\usermenu.php on line 22.
 1 APPPATH\Views\template\usermenu.php(22): CodeIgniter\Debug\Exceptions->errorHandler(2, 'Array to string conversion', 'D:\\laragon\\www\\breastcanceris\\app\\Views\\template\\usermenu.php', 22)
 2 SYSTEMPATH\View\View.php(224): include('D:\\laragon\\www\\breastcanceris\\app\\Views\\template\\usermenu.php')
 3 SYSTEMPATH\View\View.php(227): CodeIgniter\View\View->CodeIgniter\View\{closure}()
 4 SYSTEMPATH\Common.php(1180): CodeIgniter\View\View->render('template/usermenu', [], true)
 5 APPPATH\Views\template\layout.php(69): view('template/usermenu')
 6 SYSTEMPATH\View\View.php(224): include('D:\\laragon\\www\\breastcanceris\\app\\Views\\template\\layout.php')
 7 SYSTEMPATH\View\View.php(227): CodeIgniter\View\View->CodeIgniter\View\{closure}()
 8 SYSTEMPATH\View\View.php(240): CodeIgniter\View\View->render('template/layout', [], true)
 9 SYSTEMPATH\Common.php(1180): CodeIgniter\View\View->render('dashboard', [], true)
10 APPPATH\Controllers\Home.php(11): view('dashboard')
11 SYSTEMPATH\CodeIgniter.php(932): App\Controllers\Home->index()
12 SYSTEMPATH\CodeIgniter.php(497): CodeIgniter\CodeIgniter->runController(Object(App\Controllers\Home))
13 SYSTEMPATH\CodeIgniter.php(366): CodeIgniter\CodeIgniter->handleRequest(null, Object(Config\Cache), false)
14 FCPATH\index.php(67): CodeIgniter\CodeIgniter->run()
CRITICAL - 2023-07-24 21:42:22 --> Array to string conversion
in APPPATH\Views\template\usermenu.php on line 21.
 1 APPPATH\Views\template\usermenu.php(21): CodeIgniter\Debug\Exceptions->errorHandler(2, 'Array to string conversion', 'D:\\laragon\\www\\breastcanceris\\app\\Views\\template\\usermenu.php', 21)
 2 SYSTEMPATH\View\View.php(224): include('D:\\laragon\\www\\breastcanceris\\app\\Views\\template\\usermenu.php')
 3 SYSTEMPATH\View\View.php(227): CodeIgniter\View\View->CodeIgniter\View\{closure}()
 4 SYSTEMPATH\Common.php(1180): CodeIgniter\View\View->render('template/usermenu', [], true)
 5 APPPATH\Views\template\layout.php(69): view('template/usermenu')
 6 SYSTEMPATH\View\View.php(224): include('D:\\laragon\\www\\breastcanceris\\app\\Views\\template\\layout.php')
 7 SYSTEMPATH\View\View.php(227): CodeIgniter\View\View->CodeIgniter\View\{closure}()
 8 SYSTEMPATH\View\View.php(240): CodeIgniter\View\View->render('template/layout', [], true)
 9 SYSTEMPATH\Common.php(1180): CodeIgniter\View\View->render('dashboard', [], true)
10 APPPATH\Controllers\Home.php(11): view('dashboard')
11 SYSTEMPATH\CodeIgniter.php(932): App\Controllers\Home->index()
12 SYSTEMPATH\CodeIgniter.php(497): CodeIgniter\CodeIgniter->runController(Object(App\Controllers\Home))
13 SYSTEMPATH\CodeIgniter.php(366): CodeIgniter\CodeIgniter->handleRequest(null, Object(Config\Cache), false)
14 FCPATH\index.php(67): CodeIgniter\CodeIgniter->run()
CRITICAL - 2023-07-24 21:42:51 --> Array to string conversion
in APPPATH\Views\template\usermenu.php on line 21.
 1 APPPATH\Views\template\usermenu.php(21): CodeIgniter\Debug\Exceptions->errorHandler(2, 'Array to string conversion', 'D:\\laragon\\www\\breastcanceris\\app\\Views\\template\\usermenu.php', 21)
 2 SYSTEMPATH\View\View.php(224): include('D:\\laragon\\www\\breastcanceris\\app\\Views\\template\\usermenu.php')
 3 SYSTEMPATH\View\View.php(227): CodeIgniter\View\View->CodeIgniter\View\{closure}()
 4 SYSTEMPATH\Common.php(1180): CodeIgniter\View\View->render('template/usermenu', [], true)
 5 APPPATH\Views\template\layout.php(69): view('template/usermenu')
 6 SYSTEMPATH\View\View.php(224): include('D:\\laragon\\www\\breastcanceris\\app\\Views\\template\\layout.php')
 7 SYSTEMPATH\View\View.php(227): CodeIgniter\View\View->CodeIgniter\View\{closure}()
 8 SYSTEMPATH\View\View.php(240): CodeIgniter\View\View->render('template/layout', [], true)
 9 SYSTEMPATH\Common.php(1180): CodeIgniter\View\View->render('dashboard', [], true)
10 APPPATH\Controllers\Home.php(11): view('dashboard')
11 SYSTEMPATH\CodeIgniter.php(932): App\Controllers\Home->index()
12 SYSTEMPATH\CodeIgniter.php(497): CodeIgniter\CodeIgniter->runController(Object(App\Controllers\Home))
13 SYSTEMPATH\CodeIgniter.php(366): CodeIgniter\CodeIgniter->handleRequest(null, Object(Config\Cache), false)
14 FCPATH\index.php(67): CodeIgniter\CodeIgniter->run()
CRITICAL - 2023-07-24 21:43:11 --> Array to string conversion
in APPPATH\Views\template\usermenu.php on line 21.
 1 APPPATH\Views\template\usermenu.php(21): CodeIgniter\Debug\Exceptions->errorHandler(2, 'Array to string conversion', 'D:\\laragon\\www\\breastcanceris\\app\\Views\\template\\usermenu.php', 21)
 2 SYSTEMPATH\View\View.php(224): include('D:\\laragon\\www\\breastcanceris\\app\\Views\\template\\usermenu.php')
 3 SYSTEMPATH\View\View.php(227): CodeIgniter\View\View->CodeIgniter\View\{closure}()
 4 SYSTEMPATH\Common.php(1180): CodeIgniter\View\View->render('template/usermenu', [], true)
 5 APPPATH\Views\template\layout.php(69): view('template/usermenu')
 6 SYSTEMPATH\View\View.php(224): include('D:\\laragon\\www\\breastcanceris\\app\\Views\\template\\layout.php')
 7 SYSTEMPATH\View\View.php(227): CodeIgniter\View\View->CodeIgniter\View\{closure}()
 8 SYSTEMPATH\View\View.php(240): CodeIgniter\View\View->render('template/layout', [], true)
 9 SYSTEMPATH\Common.php(1180): CodeIgniter\View\View->render('dashboard', [], true)
10 APPPATH\Controllers\Home.php(11): view('dashboard')
11 SYSTEMPATH\CodeIgniter.php(932): App\Controllers\Home->index()
12 SYSTEMPATH\CodeIgniter.php(497): CodeIgniter\CodeIgniter->runController(Object(App\Controllers\Home))
13 SYSTEMPATH\CodeIgniter.php(366): CodeIgniter\CodeIgniter->handleRequest(null, Object(Config\Cache), false)
14 FCPATH\index.php(67): CodeIgniter\CodeIgniter->run()
CRITICAL - 2023-07-24 21:44:53 --> Array to string conversion
in APPPATH\Views\template\usermenu.php on line 21.
 1 APPPATH\Views\template\usermenu.php(21): CodeIgniter\Debug\Exceptions->errorHandler(2, 'Array to string conversion', 'D:\\laragon\\www\\breastcanceris\\app\\Views\\template\\usermenu.php', 21)
 2 SYSTEMPATH\View\View.php(224): include('D:\\laragon\\www\\breastcanceris\\app\\Views\\template\\usermenu.php')
 3 SYSTEMPATH\View\View.php(227): CodeIgniter\View\View->CodeIgniter\View\{closure}()
 4 SYSTEMPATH\Common.php(1180): CodeIgniter\View\View->render('template/usermenu', [], true)
 5 APPPATH\Views\template\layout.php(69): view('template/usermenu')
 6 SYSTEMPATH\View\View.php(224): include('D:\\laragon\\www\\breastcanceris\\app\\Views\\template\\layout.php')
 7 SYSTEMPATH\View\View.php(227): CodeIgniter\View\View->CodeIgniter\View\{closure}()
 8 SYSTEMPATH\View\View.php(240): CodeIgniter\View\View->render('template/layout', [], true)
 9 SYSTEMPATH\Common.php(1180): CodeIgniter\View\View->render('dashboard', [], true)
10 APPPATH\Controllers\Home.php(11): view('dashboard')
11 SYSTEMPATH\CodeIgniter.php(932): App\Controllers\Home->index()
12 SYSTEMPATH\CodeIgniter.php(497): CodeIgniter\CodeIgniter->runController(Object(App\Controllers\Home))
13 SYSTEMPATH\CodeIgniter.php(366): CodeIgniter\CodeIgniter->handleRequest(null, Object(Config\Cache), false)
14 FCPATH\index.php(67): CodeIgniter\CodeIgniter->run()
CRITICAL - 2023-07-24 21:50:06 --> Call to undefined method CodeIgniter\View\View::getTest()
in APPPATH\Views\template\usermenu.php on line 21.
 1 SYSTEMPATH\View\View.php(224): include()
 2 SYSTEMPATH\View\View.php(227): CodeIgniter\View\View->CodeIgniter\View\{closure}()
 3 SYSTEMPATH\Common.php(1180): CodeIgniter\View\View->render('template/usermenu', [], true)
 4 APPPATH\Views\template\layout.php(69): view('template/usermenu')
 5 SYSTEMPATH\View\View.php(224): include('D:\\laragon\\www\\breastcanceris\\app\\Views\\template\\layout.php')
 6 SYSTEMPATH\View\View.php(227): CodeIgniter\View\View->CodeIgniter\View\{closure}()
 7 SYSTEMPATH\View\View.php(240): CodeIgniter\View\View->render('template/layout', [], true)
 8 SYSTEMPATH\Common.php(1180): CodeIgniter\View\View->render('dashboard', [], true)
 9 APPPATH\Controllers\Home.php(11): view('dashboard')
10 SYSTEMPATH\CodeIgniter.php(932): App\Controllers\Home->index()
11 SYSTEMPATH\CodeIgniter.php(497): CodeIgniter\CodeIgniter->runController(Object(App\Controllers\Home))
12 SYSTEMPATH\CodeIgniter.php(366): CodeIgniter\CodeIgniter->handleRequest(null, Object(Config\Cache), false)
13 FCPATH\index.php(67): CodeIgniter\CodeIgniter->run()
CRITICAL - 2023-07-24 22:05:50 --> Array to string conversion
in APPPATH\Views\template\usermenu.php on line 18.
 1 APPPATH\Views\template\usermenu.php(18): CodeIgniter\Debug\Exceptions->errorHandler(2, 'Array to string conversion', 'D:\\laragon\\www\\breastcanceris\\app\\Views\\template\\usermenu.php', 18)
 2 SYSTEMPATH\View\View.php(224): include('D:\\laragon\\www\\breastcanceris\\app\\Views\\template\\usermenu.php')
 3 SYSTEMPATH\View\View.php(227): CodeIgniter\View\View->CodeIgniter\View\{closure}()
 4 SYSTEMPATH\Common.php(1180): CodeIgniter\View\View->render('template/usermenu', [], true)
 5 APPPATH\Views\template\layout.php(69): view('template/usermenu')
 6 SYSTEMPATH\View\View.php(224): include('D:\\laragon\\www\\breastcanceris\\app\\Views\\template\\layout.php')
 7 SYSTEMPATH\View\View.php(227): CodeIgniter\View\View->CodeIgniter\View\{closure}()
 8 SYSTEMPATH\View\View.php(240): CodeIgniter\View\View->render('template/layout', [], true)
 9 SYSTEMPATH\Common.php(1180): CodeIgniter\View\View->render('dashboard', [], true)
10 APPPATH\Controllers\Home.php(11): view('dashboard')
11 SYSTEMPATH\CodeIgniter.php(932): App\Controllers\Home->index()
12 SYSTEMPATH\CodeIgniter.php(497): CodeIgniter\CodeIgniter->runController(Object(App\Controllers\Home))
13 SYSTEMPATH\CodeIgniter.php(366): CodeIgniter\CodeIgniter->handleRequest(null, Object(Config\Cache), false)
14 FCPATH\index.php(67): CodeIgniter\CodeIgniter->run()
CRITICAL - 2023-07-24 22:06:49 --> Array to string conversion
in APPPATH\Views\template\usermenu.php on line 18.
 1 APPPATH\Views\template\usermenu.php(18): CodeIgniter\Debug\Exceptions->errorHandler(2, 'Array to string conversion', 'D:\\laragon\\www\\breastcanceris\\app\\Views\\template\\usermenu.php', 18)
 2 SYSTEMPATH\View\View.php(224): include('D:\\laragon\\www\\breastcanceris\\app\\Views\\template\\usermenu.php')
 3 SYSTEMPATH\View\View.php(227): CodeIgniter\View\View->CodeIgniter\View\{closure}()
 4 SYSTEMPATH\Common.php(1180): CodeIgniter\View\View->render('template/usermenu', [], true)
 5 APPPATH\Views\template\layout.php(69): view('template/usermenu')
 6 SYSTEMPATH\View\View.php(224): include('D:\\laragon\\www\\breastcanceris\\app\\Views\\template\\layout.php')
 7 SYSTEMPATH\View\View.php(227): CodeIgniter\View\View->CodeIgniter\View\{closure}()
 8 SYSTEMPATH\View\View.php(240): CodeIgniter\View\View->render('template/layout', [], true)
 9 SYSTEMPATH\Common.php(1180): CodeIgniter\View\View->render('dashboard', [], true)
10 APPPATH\Controllers\Home.php(11): view('dashboard')
11 SYSTEMPATH\CodeIgniter.php(932): App\Controllers\Home->index()
12 SYSTEMPATH\CodeIgniter.php(497): CodeIgniter\CodeIgniter->runController(Object(App\Controllers\Home))
13 SYSTEMPATH\CodeIgniter.php(366): CodeIgniter\CodeIgniter->handleRequest(null, Object(Config\Cache), false)
14 FCPATH\index.php(67): CodeIgniter\CodeIgniter->run()
CRITICAL - 2023-07-24 22:08:56 --> Call to undefined method CodeIgniter\View\View::getTest()
in APPPATH\Views\template\usermenu.php on line 19.
 1 SYSTEMPATH\View\View.php(224): include()
 2 SYSTEMPATH\View\View.php(227): CodeIgniter\View\View->CodeIgniter\View\{closure}()
 3 SYSTEMPATH\Common.php(1180): CodeIgniter\View\View->render('template/usermenu', [], true)
 4 APPPATH\Views\template\layout.php(69): view('template/usermenu')
 5 SYSTEMPATH\View\View.php(224): include('D:\\laragon\\www\\breastcanceris\\app\\Views\\template\\layout.php')
 6 SYSTEMPATH\View\View.php(227): CodeIgniter\View\View->CodeIgniter\View\{closure}()
 7 SYSTEMPATH\View\View.php(240): CodeIgniter\View\View->render('template/layout', [], true)
 8 SYSTEMPATH\Common.php(1180): CodeIgniter\View\View->render('dashboard', [], true)
 9 APPPATH\Controllers\Home.php(11): view('dashboard')
10 SYSTEMPATH\CodeIgniter.php(932): App\Controllers\Home->index()
11 SYSTEMPATH\CodeIgniter.php(497): CodeIgniter\CodeIgniter->runController(Object(App\Controllers\Home))
12 SYSTEMPATH\CodeIgniter.php(366): CodeIgniter\CodeIgniter->handleRequest(null, Object(Config\Cache), false)
13 FCPATH\index.php(67): CodeIgniter\CodeIgniter->run()
CRITICAL - 2023-07-24 22:10:28 --> Undefined property: CodeIgniter\View\View::$blapp_lib
in APPPATH\Views\template\usermenu.php on line 19.
 1 APPPATH\Views\template\usermenu.php(19): CodeIgniter\Debug\Exceptions->errorHandler(2, 'Undefined property: CodeIgniter\\View\\View::$blapp_lib', 'D:\\laragon\\www\\breastcanceris\\app\\Views\\template\\usermenu.php', 19)
 2 SYSTEMPATH\View\View.php(224): include('D:\\laragon\\www\\breastcanceris\\app\\Views\\template\\usermenu.php')
 3 SYSTEMPATH\View\View.php(227): CodeIgniter\View\View->CodeIgniter\View\{closure}()
 4 SYSTEMPATH\Common.php(1180): CodeIgniter\View\View->render('template/usermenu', [], true)
 5 APPPATH\Views\template\layout.php(69): view('template/usermenu')
 6 SYSTEMPATH\View\View.php(224): include('D:\\laragon\\www\\breastcanceris\\app\\Views\\template\\layout.php')
 7 SYSTEMPATH\View\View.php(227): CodeIgniter\View\View->CodeIgniter\View\{closure}()
 8 SYSTEMPATH\View\View.php(240): CodeIgniter\View\View->render('template/layout', [], true)
 9 SYSTEMPATH\Common.php(1180): CodeIgniter\View\View->render('dashboard', [], true)
10 APPPATH\Controllers\Home.php(11): view('dashboard')
11 SYSTEMPATH\CodeIgniter.php(932): App\Controllers\Home->index()
12 SYSTEMPATH\CodeIgniter.php(497): CodeIgniter\CodeIgniter->runController(Object(App\Controllers\Home))
13 SYSTEMPATH\CodeIgniter.php(366): CodeIgniter\CodeIgniter->handleRequest(null, Object(Config\Cache), false)
14 FCPATH\index.php(67): CodeIgniter\CodeIgniter->run()
CRITICAL - 2023-07-24 22:10:44 --> Call to undefined method CodeIgniter\View\View::getTest()
in APPPATH\Views\template\usermenu.php on line 19.
 1 SYSTEMPATH\View\View.php(224): include()
 2 SYSTEMPATH\View\View.php(227): CodeIgniter\View\View->CodeIgniter\View\{closure}()
 3 SYSTEMPATH\Common.php(1180): CodeIgniter\View\View->render('template/usermenu', [], true)
 4 APPPATH\Views\template\layout.php(69): view('template/usermenu')
 5 SYSTEMPATH\View\View.php(224): include('D:\\laragon\\www\\breastcanceris\\app\\Views\\template\\layout.php')
 6 SYSTEMPATH\View\View.php(227): CodeIgniter\View\View->CodeIgniter\View\{closure}()
 7 SYSTEMPATH\View\View.php(240): CodeIgniter\View\View->render('template/layout', [], true)
 8 SYSTEMPATH\Common.php(1180): CodeIgniter\View\View->render('dashboard', [], true)
 9 APPPATH\Controllers\Home.php(11): view('dashboard')
10 SYSTEMPATH\CodeIgniter.php(932): App\Controllers\Home->index()
11 SYSTEMPATH\CodeIgniter.php(497): CodeIgniter\CodeIgniter->runController(Object(App\Controllers\Home))
12 SYSTEMPATH\CodeIgniter.php(366): CodeIgniter\CodeIgniter->handleRequest(null, Object(Config\Cache), false)
13 FCPATH\index.php(67): CodeIgniter\CodeIgniter->run()
CRITICAL - 2023-07-24 22:30:58 --> Call to undefined function get_cookie()
in APPPATH\Views\template\usermenu.php on line 27.
 1 SYSTEMPATH\View\View.php(224): include()
 2 SYSTEMPATH\View\View.php(227): CodeIgniter\View\View->CodeIgniter\View\{closure}()
 3 SYSTEMPATH\Common.php(1180): CodeIgniter\View\View->render('template/usermenu', [], true)
 4 APPPATH\Views\template\layout.php(69): view('template/usermenu')
 5 SYSTEMPATH\View\View.php(224): include('D:\\laragon\\www\\breastcanceris\\app\\Views\\template\\layout.php')
 6 SYSTEMPATH\View\View.php(227): CodeIgniter\View\View->CodeIgniter\View\{closure}()
 7 SYSTEMPATH\View\View.php(240): CodeIgniter\View\View->render('template/layout', [], true)
 8 SYSTEMPATH\Common.php(1180): CodeIgniter\View\View->render('dashboard', [], true)
 9 APPPATH\Controllers\Home.php(11): view('dashboard')
10 SYSTEMPATH\CodeIgniter.php(932): App\Controllers\Home->index()
11 SYSTEMPATH\CodeIgniter.php(497): CodeIgniter\CodeIgniter->runController(Object(App\Controllers\Home))
12 SYSTEMPATH\CodeIgniter.php(366): CodeIgniter\CodeIgniter->handleRequest(null, Object(Config\Cache), false)
13 FCPATH\index.php(67): CodeIgniter\CodeIgniter->run()
CRITICAL - 2023-07-24 22:31:31 --> Undefined property: CodeIgniter\View\View::$uri
in APPPATH\Views\template\usermenu.php on line 36.
 1 APPPATH\Views\template\usermenu.php(36): CodeIgniter\Debug\Exceptions->errorHandler(2, 'Undefined property: CodeIgniter\\View\\View::$uri', 'D:\\laragon\\www\\breastcanceris\\app\\Views\\template\\usermenu.php', 36)
 2 SYSTEMPATH\View\View.php(224): include('D:\\laragon\\www\\breastcanceris\\app\\Views\\template\\usermenu.php')
 3 SYSTEMPATH\View\View.php(227): CodeIgniter\View\View->CodeIgniter\View\{closure}()
 4 SYSTEMPATH\Common.php(1180): CodeIgniter\View\View->render('template/usermenu', [], true)
 5 APPPATH\Views\template\layout.php(69): view('template/usermenu')
 6 SYSTEMPATH\View\View.php(224): include('D:\\laragon\\www\\breastcanceris\\app\\Views\\template\\layout.php')
 7 SYSTEMPATH\View\View.php(227): CodeIgniter\View\View->CodeIgniter\View\{closure}()
 8 SYSTEMPATH\View\View.php(240): CodeIgniter\View\View->render('template/layout', [], true)
 9 SYSTEMPATH\Common.php(1180): CodeIgniter\View\View->render('dashboard', [], true)
10 APPPATH\Controllers\Home.php(11): view('dashboard')
11 SYSTEMPATH\CodeIgniter.php(932): App\Controllers\Home->index()
12 SYSTEMPATH\CodeIgniter.php(497): CodeIgniter\CodeIgniter->runController(Object(App\Controllers\Home))
13 SYSTEMPATH\CodeIgniter.php(366): CodeIgniter\CodeIgniter->handleRequest(null, Object(Config\Cache), false)
14 FCPATH\index.php(67): CodeIgniter\CodeIgniter->run()
CRITICAL - 2023-07-24 22:32:26 --> Undefined property: CodeIgniter\View\View::$uri
in APPPATH\Views\template\usermenu.php on line 36.
 1 APPPATH\Views\template\usermenu.php(36): CodeIgniter\Debug\Exceptions->errorHandler(2, 'Undefined property: CodeIgniter\\View\\View::$uri', 'D:\\laragon\\www\\breastcanceris\\app\\Views\\template\\usermenu.php', 36)
 2 SYSTEMPATH\View\View.php(224): include('D:\\laragon\\www\\breastcanceris\\app\\Views\\template\\usermenu.php')
 3 SYSTEMPATH\View\View.php(227): CodeIgniter\View\View->CodeIgniter\View\{closure}()
 4 SYSTEMPATH\Common.php(1180): CodeIgniter\View\View->render('template/usermenu', [], true)
 5 APPPATH\Views\template\layout.php(69): view('template/usermenu')
 6 SYSTEMPATH\View\View.php(224): include('D:\\laragon\\www\\breastcanceris\\app\\Views\\template\\layout.php')
 7 SYSTEMPATH\View\View.php(227): CodeIgniter\View\View->CodeIgniter\View\{closure}()
 8 SYSTEMPATH\View\View.php(240): CodeIgniter\View\View->render('template/layout', [], true)
 9 SYSTEMPATH\Common.php(1180): CodeIgniter\View\View->render('dashboard', [], true)
10 APPPATH\Controllers\Home.php(11): view('dashboard')
11 SYSTEMPATH\CodeIgniter.php(932): App\Controllers\Home->index()
12 SYSTEMPATH\CodeIgniter.php(497): CodeIgniter\CodeIgniter->runController(Object(App\Controllers\Home))
13 SYSTEMPATH\CodeIgniter.php(366): CodeIgniter\CodeIgniter->handleRequest(null, Object(Config\Cache), false)
14 FCPATH\index.php(67): CodeIgniter\CodeIgniter->run()
CRITICAL - 2023-07-24 22:35:20 --> Undefined property: CodeIgniter\View\View::$request
in APPPATH\Views\template\usermenu.php on line 36.
 1 APPPATH\Views\template\usermenu.php(36): CodeIgniter\Debug\Exceptions->errorHandler(2, 'Undefined property: CodeIgniter\\View\\View::$request', 'D:\\laragon\\www\\breastcanceris\\app\\Views\\template\\usermenu.php', 36)
 2 SYSTEMPATH\View\View.php(224): include('D:\\laragon\\www\\breastcanceris\\app\\Views\\template\\usermenu.php')
 3 SYSTEMPATH\View\View.php(227): CodeIgniter\View\View->CodeIgniter\View\{closure}()
 4 SYSTEMPATH\Common.php(1180): CodeIgniter\View\View->render('template/usermenu', [], true)
 5 APPPATH\Views\template\layout.php(69): view('template/usermenu')
 6 SYSTEMPATH\View\View.php(224): include('D:\\laragon\\www\\breastcanceris\\app\\Views\\template\\layout.php')
 7 SYSTEMPATH\View\View.php(227): CodeIgniter\View\View->CodeIgniter\View\{closure}()
 8 SYSTEMPATH\View\View.php(240): CodeIgniter\View\View->render('template/layout', [], true)
 9 SYSTEMPATH\Common.php(1180): CodeIgniter\View\View->render('dashboard', [], true)
10 APPPATH\Controllers\Home.php(11): view('dashboard')
11 SYSTEMPATH\CodeIgniter.php(932): App\Controllers\Home->index()
12 SYSTEMPATH\CodeIgniter.php(497): CodeIgniter\CodeIgniter->runController(Object(App\Controllers\Home))
13 SYSTEMPATH\CodeIgniter.php(366): CodeIgniter\CodeIgniter->handleRequest(null, Object(Config\Cache), false)
14 FCPATH\index.php(67): CodeIgniter\CodeIgniter->run()
CRITICAL - 2023-07-24 22:36:02 --> Undefined property: CodeIgniter\View\View::$request
in APPPATH\Views\template\usermenu.php on line 36.
 1 APPPATH\Views\template\usermenu.php(36): CodeIgniter\Debug\Exceptions->errorHandler(2, 'Undefined property: CodeIgniter\\View\\View::$request', 'D:\\laragon\\www\\breastcanceris\\app\\Views\\template\\usermenu.php', 36)
 2 SYSTEMPATH\View\View.php(224): include('D:\\laragon\\www\\breastcanceris\\app\\Views\\template\\usermenu.php')
 3 SYSTEMPATH\View\View.php(227): CodeIgniter\View\View->CodeIgniter\View\{closure}()
 4 SYSTEMPATH\Common.php(1180): CodeIgniter\View\View->render('template/usermenu', [], true)
 5 APPPATH\Views\template\layout.php(69): view('template/usermenu')
 6 SYSTEMPATH\View\View.php(224): include('D:\\laragon\\www\\breastcanceris\\app\\Views\\template\\layout.php')
 7 SYSTEMPATH\View\View.php(227): CodeIgniter\View\View->CodeIgniter\View\{closure}()
 8 SYSTEMPATH\View\View.php(240): CodeIgniter\View\View->render('template/layout', [], true)
 9 SYSTEMPATH\Common.php(1180): CodeIgniter\View\View->render('dashboard', [], true)
10 APPPATH\Controllers\Home.php(11): view('dashboard')
11 SYSTEMPATH\CodeIgniter.php(932): App\Controllers\Home->index()
12 SYSTEMPATH\CodeIgniter.php(497): CodeIgniter\CodeIgniter->runController(Object(App\Controllers\Home))
13 SYSTEMPATH\CodeIgniter.php(366): CodeIgniter\CodeIgniter->handleRequest(null, Object(Config\Cache), false)
14 FCPATH\index.php(67): CodeIgniter\CodeIgniter->run()
CRITICAL - 2023-07-24 22:37:00 --> Undefined property: CodeIgniter\View\View::$request
in APPPATH\Views\template\usermenu.php on line 36.
 1 APPPATH\Views\template\usermenu.php(36): CodeIgniter\Debug\Exceptions->errorHandler(2, 'Undefined property: CodeIgniter\\View\\View::$request', 'D:\\laragon\\www\\breastcanceris\\app\\Views\\template\\usermenu.php', 36)
 2 SYSTEMPATH\View\View.php(224): include('D:\\laragon\\www\\breastcanceris\\app\\Views\\template\\usermenu.php')
 3 SYSTEMPATH\View\View.php(227): CodeIgniter\View\View->CodeIgniter\View\{closure}()
 4 SYSTEMPATH\Common.php(1180): CodeIgniter\View\View->render('template/usermenu', [], true)
 5 APPPATH\Views\template\layout.php(69): view('template/usermenu')
 6 SYSTEMPATH\View\View.php(224): include('D:\\laragon\\www\\breastcanceris\\app\\Views\\template\\layout.php')
 7 SYSTEMPATH\View\View.php(227): CodeIgniter\View\View->CodeIgniter\View\{closure}()
 8 SYSTEMPATH\View\View.php(240): CodeIgniter\View\View->render('template/layout', [], true)
 9 SYSTEMPATH\Common.php(1180): CodeIgniter\View\View->render('dashboard', [], true)
10 APPPATH\Controllers\Home.php(11): view('dashboard')
11 SYSTEMPATH\CodeIgniter.php(932): App\Controllers\Home->index()
12 SYSTEMPATH\CodeIgniter.php(497): CodeIgniter\CodeIgniter->runController(Object(App\Controllers\Home))
13 SYSTEMPATH\CodeIgniter.php(366): CodeIgniter\CodeIgniter->handleRequest(null, Object(Config\Cache), false)
14 FCPATH\index.php(67): CodeIgniter\CodeIgniter->run()
